This file contains any messages produced by compilers while
running configure, to aid debugging if configure makes a mistake.

It was created by libbgpstream configure 2.2.0, which was
generated by GNU Autoconf 2.69.  Invocation command line was

  $ ./configure 

## --------- ##
## Platform. ##
## --------- ##

hostname = ipswen-testbed-node-001
uname -m = x86_64
uname -r = 5.4.0-ipswen-v1-20240124
uname -s = Linux
uname -v = #7 SMP Fri Jan 26 09:30:20 CST 2024

/usr/bin/uname -p = x86_64
/bin/uname -X     = unknown

/bin/arch              = x86_64
/usr/bin/arch -k       = unknown
/usr/convex/getsysinfo = unknown
/usr/bin/hostinfo      = unknown
/bin/machine           = unknown
/usr/bin/oslevel       = unknown
/bin/universe          = unknown

PATH: /home/ubuntu/.vscode-server/bin/019f4d1419fbc8219a181fab7892ebccf7ee29a2/bin/remote-cli
PATH: /home/ubuntu/.local/bin
PATH: /usr/local/sbin
PATH: /usr/local/bin
PATH: /usr/sbin
PATH: /usr/bin
PATH: /sbin
PATH: /bin
PATH: /usr/games
PATH: /usr/local/games
PATH: /snap/bin


## ----------- ##
## Core tests. ##
## ----------- ##

configure:2466: checking for a BSD-compatible install
configure:2534: result: /usr/bin/install -c
configure:2545: checking whether build environment is sane
configure:2600: result: yes
configure:2749: checking for a thread-safe mkdir -p
configure:2788: result: /usr/bin/mkdir -p
configure:2795: checking for gawk
configure:2811: found /usr/bin/gawk
configure:2822: result: gawk
configure:2833: checking whether make sets $(MAKE)
configure:2855: result: yes
configure:2884: checking whether make supports nested variables
configure:2901: result: yes
configure:3057: checking build system type
configure:3071: result: x86_64-pc-linux-gnu
configure:3091: checking host system type
configure:3104: result: x86_64-pc-linux-gnu
configure:3145: checking how to print strings
configure:3172: result: printf
configure:3197: checking whether make supports the include directive
configure:3212: make -f confmf.GNU && cat confinc.out
this is the am__doit target
configure:3215: $? = 0
configure:3234: result: yes (GNU style)
configure:3304: checking for gcc
configure:3320: found /usr/bin/gcc
configure:3331: result: gcc
configure:3560: checking for C compiler version
configure:3569: gcc --version >&5
gcc (Ubuntu 9.4.0-1ubuntu1~20.04.2) 9.4.0
Copyright (C) 2019 Free Software Foundation, Inc.
This is free software; see the source for copying conditions.  There is NO
warranty; not even for MERCHANTABILITY or FITNESS FOR A PARTICULAR PURPOSE.

configure:3580: $? = 0
configure:3569: gcc -v >&5
Using built-in specs.
COLLECT_GCC=gcc
COLLECT_LTO_WRAPPER=/usr/lib/gcc/x86_64-linux-gnu/9/lto-wrapper
OFFLOAD_TARGET_NAMES=nvptx-none:hsa
OFFLOAD_TARGET_DEFAULT=1
Target: x86_64-linux-gnu
Configured with: ../src/configure -v --with-pkgversion='Ubuntu 9.4.0-1ubuntu1~20.04.2' --with-bugurl=file:///usr/share/doc/gcc-9/README.Bugs --enable-languages=c,ada,c++,go,brig,d,fortran,objc,obj-c++,gm2 --prefix=/usr --with-gcc-major-version-only --program-suffix=-9 --program-prefix=x86_64-linux-gnu- --enable-shared --enable-linker-build-id --libexecdir=/usr/lib --without-included-gettext --enable-threads=posix --libdir=/usr/lib --enable-nls --enable-clocale=gnu --enable-libstdcxx-debug --enable-libstdcxx-time=yes --with-default-libstdcxx-abi=new --enable-gnu-unique-object --disable-vtable-verify --enable-plugin --enable-default-pie --with-system-zlib --with-target-system-zlib=auto --enable-objc-gc=auto --enable-multiarch --disable-werror --with-arch-32=i686 --with-abi=m64 --with-multilib-list=m32,m64,mx32 --enable-multilib --with-tune=generic --enable-offload-targets=nvptx-none=/build/gcc-9-9QDOt0/gcc-9-9.4.0/debian/tmp-nvptx/usr,hsa --without-cuda-driver --enable-checking=release --build=x86_64-linux-gnu --host=x86_64-linux-gnu --target=x86_64-linux-gnu
Thread model: posix
gcc version 9.4.0 (Ubuntu 9.4.0-1ubuntu1~20.04.2) 
configure:3580: $? = 0
configure:3569: gcc -V >&5
gcc: error: unrecognized command line option '-V'
gcc: fatal error: no input files
compilation terminated.
configure:3580: $? = 1
configure:3569: gcc -qversion >&5
gcc: error: unrecognized command line option '-qversion'; did you mean '--version'?
gcc: fatal error: no input files
compilation terminated.
configure:3580: $? = 1
configure:3600: checking whether the C compiler works
configure:3622: gcc    conftest.c  >&5
configure:3626: $? = 0
configure:3674: result: yes
configure:3677: checking for C compiler default output file name
configure:3679: result: a.out
configure:3685: checking for suffix of executables
configure:3692: gcc -o conftest    conftest.c  >&5
configure:3696: $? = 0
configure:3718: result: 
configure:3740: checking whether we are cross compiling
configure:3748: gcc -o conftest    conftest.c  >&5
configure:3752: $? = 0
configure:3759: ./conftest
configure:3763: $? = 0
configure:3751: result: no
configure:3756: checking for suffix of object files
configure:3778: gcc -c   conftest.c >&5
configure:3782: $? = 0
configure:3803: result: o
configure:3807: checking whether we are using the GNU C compiler
configure:3826: gcc -c   conftest.c >&5
configure:3826: $? = 0
configure:3835: result: yes
configure:3844: checking whether gcc accepts -g
configure:3864: gcc -c -g  conftest.c >&5
configure:3864: $? = 0
configure:3905: result: yes
configure:3922: checking for gcc option to accept ISO C89
configure:3985: gcc  -c -g -O2  conftest.c >&5
configure:3985: $? = 0
configure:3998: result: none needed
configure:4023: checking whether gcc understands -c and -o together
configure:4045: gcc -c conftest.c -o conftest2.o
configure:4048: $? = 0
configure:4045: gcc -c conftest.c -o conftest2.o
configure:4048: $? = 0
configure:4060: result: yes
configure:4079: checking dependency style of gcc
configure:4190: result: gcc3
configure:4205: checking for a sed that does not truncate output
configure:4269: result: /usr/bin/sed
configure:4287: checking for grep that handles long lines and -e
configure:4345: result: /usr/bin/grep
configure:4350: checking for egrep
configure:4412: result: /usr/bin/grep -E
configure:4417: checking for fgrep
configure:4479: result: /usr/bin/grep -F
configure:4514: checking for ld used by gcc
configure:4581: result: /usr/bin/ld
configure:4588: checking if the linker (/usr/bin/ld) is GNU ld
configure:4603: result: yes
configure:4615: checking for BSD- or MS-compatible name lister (nm)
configure:4669: result: /usr/bin/nm -B
configure:4799: checking the name lister (/usr/bin/nm -B) interface
configure:4806: gcc -c -g -O2  conftest.c >&5
configure:4809: /usr/bin/nm -B "conftest.o"
configure:4812: output
0000000000000000 B some_variable
configure:4813: result: BSD nm
configure:4816: checking whether ln -s works
configure:4820: result: yes
configure:4828: checking the maximum length of command line arguments
configure:4959: result: 1572864
configure:5007: checking how to convert x86_64-pc-linux-gnu file names to x86_64-pc-linux-gnu format
configure:5047: result: func_convert_file_noop
configure:5054: checking how to convert x86_64-pc-linux-gnu file names to toolchain format
configure:5074: result: func_convert_file_noop
configure:5081: checking for /usr/bin/ld option to reload object files
configure:5088: result: -r
configure:5162: checking for objdump
configure:5178: found /usr/bin/objdump
configure:5189: result: objdump
configure:5221: checking how to recognize dependent libraries
configure:5421: result: pass_all
configure:5506: checking for dlltool
configure:5536: result: no
configure:5566: checking how to associate runtime and link libraries
configure:5593: result: printf %s\n
configure:5654: checking for ar
configure:5670: found /usr/bin/ar
configure:5681: result: ar
configure:5718: checking for archiver @FILE support
configure:5735: gcc -c -g -O2  conftest.c >&5
configure:5735: $? = 0
configure:5738: ar cr libconftest.a @conftest.lst >&5
configure:5741: $? = 0
configure:5746: ar cr libconftest.a @conftest.lst >&5
ar: conftest.o: No such file or directory
configure:5749: $? = 1
configure:5748: result: @
configure:5806: checking for strip
configure:5822: found /usr/bin/strip
configure:5833: result: strip
configure:5905: checking for ranlib
configure:5921: found /usr/bin/ranlib
configure:5932: result: ranlib
configure:6034: checking command to parse /usr/bin/nm -B output from gcc object
configure:6187: gcc -c -g -O2  conftest.c >&5
configure:6190: $? = 0
configure:6194: /usr/bin/nm -B conftest.o | sed -n -e 's/^.*[	 ]\([ABCDGIRSTW][ABCDGIRSTW]*\)[	 ][	 ]*\([_A-Za-z][_A-Za-z0-9]*\)$/\1 \2 \2/p' | sed '/ __gnu_lto/d' > conftest.nm
configure:6260: gcc -o conftest -g -O2   conftest.c conftstm.o >&5
configure:6263: $? = 0
configure:6301: result: ok
configure:6348: checking for sysroot
configure:6378: result: no
configure:6385: checking for a working dd
configure:6423: result: /usr/bin/dd
configure:6427: checking how to truncate binary pipes
configure:6442: result: /usr/bin/dd bs=4096 count=1
configure:6578: gcc -c -g -O2  conftest.c >&5
configure:6581: $? = 0
configure:6771: checking for mt
configure:6787: found /usr/bin/mt
configure:6798: result: mt
configure:6821: checking if mt is a manifest tool
configure:6827: mt '-?'
configure:6835: result: no
configure:7512: checking how to run the C preprocessor
configure:7543: gcc -E  conftest.c
configure:7543: $? = 0
configure:7557: gcc -E  conftest.c
conftest.c:11:10: fatal error: ac_nonexistent.h: No such file or directory
   11 | #include <ac_nonexistent.h>
      |          ^~~~~~~~~~~~~~~~~~
compilation terminated.
configure:7557: $? = 1
configure: failed program was:
| /* confdefs.h */
| #define PACKAGE_NAME "libbgpstream"
| #define PACKAGE_TARNAME "libbgpstream"
| #define PACKAGE_VERSION "2.2.0"
| #define PACKAGE_STRING "libbgpstream 2.2.0"
| #define PACKAGE_BUGREPORT "bgpstream-info@caida.org"
| #define PACKAGE_URL ""
| #define PACKAGE "libbgpstream"
| #define VERSION "2.2.0"
| /* end confdefs.h.  */
| #include <ac_nonexistent.h>
configure:7582: result: gcc -E
configure:7602: gcc -E  conftest.c
configure:7602: $? = 0
configure:7616: gcc -E  conftest.c
conftest.c:11:10: fatal error: ac_nonexistent.h: No such file or directory
   11 | #include <ac_nonexistent.h>
      |          ^~~~~~~~~~~~~~~~~~
compilation terminated.
configure:7616: $? = 1
configure: failed program was:
| /* confdefs.h */
| #define PACKAGE_NAME "libbgpstream"
| #define PACKAGE_TARNAME "libbgpstream"
| #define PACKAGE_VERSION "2.2.0"
| #define PACKAGE_STRING "libbgpstream 2.2.0"
| #define PACKAGE_BUGREPORT "bgpstream-info@caida.org"
| #define PACKAGE_URL ""
| #define PACKAGE "libbgpstream"
| #define VERSION "2.2.0"
| /* end confdefs.h.  */
| #include <ac_nonexistent.h>
configure:7645: checking for ANSI C header files
configure:7665: gcc -c -g -O2  conftest.c >&5
configure:7665: $? = 0
configure:7738: gcc -o conftest -g -O2   conftest.c  >&5
configure:7738: $? = 0
configure:7738: ./conftest
configure:7738: $? = 0
configure:7749: result: yes
configure:7762: checking for sys/types.h
configure:7762: gcc -c -g -O2  conftest.c >&5
configure:7762: $? = 0
configure:7762: result: yes
configure:7762: checking for sys/stat.h
configure:7762: gcc -c -g -O2  conftest.c >&5
configure:7762: $? = 0
configure:7762: result: yes
configure:7762: checking for stdlib.h
configure:7762: gcc -c -g -O2  conftest.c >&5
configure:7762: $? = 0
configure:7762: result: yes
configure:7762: checking for string.h
configure:7762: gcc -c -g -O2  conftest.c >&5
configure:7762: $? = 0
configure:7762: result: yes
configure:7762: checking for memory.h
configure:7762: gcc -c -g -O2  conftest.c >&5
configure:7762: $? = 0
configure:7762: result: yes
configure:7762: checking for strings.h
configure:7762: gcc -c -g -O2  conftest.c >&5
configure:7762: $? = 0
configure:7762: result: yes
configure:7762: checking for inttypes.h
configure:7762: gcc -c -g -O2  conftest.c >&5
configure:7762: $? = 0
configure:7762: result: yes
configure:7762: checking for stdint.h
configure:7762: gcc -c -g -O2  conftest.c >&5
configure:7762: $? = 0
configure:7762: result: yes
configure:7762: checking for unistd.h
configure:7762: gcc -c -g -O2  conftest.c >&5
configure:7762: $? = 0
configure:7762: result: yes
configure:7776: checking for dlfcn.h
configure:7776: gcc -c -g -O2  conftest.c >&5
configure:7776: $? = 0
configure:7776: result: yes
configure:8032: checking for objdir
configure:8047: result: .libs
configure:8311: checking if gcc supports -fno-rtti -fno-exceptions
configure:8329: gcc -c -g -O2  -fno-rtti -fno-exceptions conftest.c >&5
cc1: warning: command line option '-fno-rtti' is valid for C++/D/ObjC++ but not for C
configure:8333: $? = 0
configure:8346: result: no
configure:8710: checking for gcc option to produce PIC
configure:8717: result: -fPIC -DPIC
configure:8725: checking if gcc PIC flag -fPIC -DPIC works
configure:8743: gcc -c -g -O2  -fPIC -DPIC -DPIC conftest.c >&5
configure:8747: $? = 0
configure:8760: result: yes
configure:8789: checking if gcc static flag -static works
configure:8817: result: yes
configure:8832: checking if gcc supports -c -o file.o
configure:8853: gcc -c -g -O2  -o out/conftest2.o conftest.c >&5
configure:8857: $? = 0
configure:8879: result: yes
configure:8887: checking if gcc supports -c -o file.o
configure:8934: result: yes
configure:8967: checking whether the gcc linker (/usr/bin/ld -m elf_x86_64) supports shared libraries
configure:10230: result: yes
configure:10267: checking whether -lc should be explicitly linked in
configure:10275: gcc -c -g -O2  conftest.c >&5
configure:10278: $? = 0
configure:10293: gcc -shared  -fPIC -DPIC conftest.o  -v -Wl,-soname -Wl,conftest -o conftest 2\>\&1 \| /usr/bin/grep  -lc  \>/dev/null 2\>\&1
configure:10296: $? = 0
configure:10310: result: no
configure:10470: checking dynamic linker characteristics
configure:11051: gcc -o conftest -g -O2   -Wl,-rpath -Wl,/foo conftest.c  >&5
configure:11051: $? = 0
configure:11300: result: GNU/Linux ld.so
configure:11422: checking how to hardcode library paths into programs
configure:11447: result: immediate
configure:11995: checking whether stripping libraries is possible
configure:12000: result: yes
configure:12035: checking if libtool supports shared libraries
configure:12037: result: yes
configure:12040: checking whether to build shared libraries
configure:12065: result: yes
configure:12068: checking whether to build static libraries
configure:12072: result: yes
configure:8898: checking whether to use rpath
configure:8907: result: yes
configure:8990: checking dependency style of gcc
configure:9101: result: gcc3
configure:9168: checking for gcc option to accept ISO C99
configure:9317: gcc  -c -g -O2  conftest.c >&5
configure:9317: $? = 0
configure:9330: result: none needed
configure:9353: checking for special C compiler options needed for large files
configure:9398: result: no
configure:9404: checking for _FILE_OFFSET_BITS value needed for large files
configure:9429: gcc -c -g -O2  conftest.c >&5
configure:9429: $? = 0
configure:9461: result: no
configure:9552: checking for gettimeofday
configure:9552: gcc -o conftest -g -O2   conftest.c  >&5
configure:9552: $? = 0
configure:9552: result: yes
configure:9552: checking for memset
configure:9552: gcc -o conftest -g -O2   conftest.c  >&5
conftest.c:49:6: warning: conflicting types for built-in function 'memset'; expected 'void *(void *, int,  long unsigned int)' [-Wbuiltin-declaration-mismatch]
   49 | char memset ();
      |      ^~~~~~
conftest.c:37:1: note: 'memset' is declared in header '<string.h>'
   36 | # include <limits.h>
   37 | #else
configure:9552: $? = 0
configure:9552: result: yes
configure:9552: checking for strdup
configure:9552: gcc -o conftest -g -O2   conftest.c  >&5
conftest.c:50:6: warning: conflicting types for built-in function 'strdup'; expected 'char *(const char *)' [-Wbuiltin-declaration-mismatch]
   50 | char strdup ();
      |      ^~~~~~
configure:9552: $? = 0
configure:9552: result: yes
configure:9552: checking for strstr
configure:9552: gcc -o conftest -g -O2   conftest.c  >&5
conftest.c:51:6: warning: conflicting types for built-in function 'strstr'; expected 'char *(const char *, const char *)' [-Wbuiltin-declaration-mismatch]
   51 | char strstr ();
      |      ^~~~~~
conftest.c:39:1: note: 'strstr' is declared in header '<string.h>'
   38 | # include <limits.h>
   39 | #else
configure:9552: $? = 0
configure:9552: result: yes
configure:9552: checking for strsep
configure:9552: gcc -o conftest -g -O2   conftest.c  >&5
configure:9552: $? = 0
configure:9552: result: yes
configure:9552: checking for strlcpy
configure:9552: gcc -o conftest -g -O2   conftest.c  >&5
/usr/bin/ld: /tmp/cc23YSea.o: in function `main':
/home/ubuntu/src/libbgpstream-2.2.0/conftest.c:64: undefined reference to `strlcpy'
collect2: error: ld returned 1 exit status
configure:9552: $? = 1
configure: failed program was:
| /* confdefs.h */
| #define PACKAGE_NAME "libbgpstream"
| #define PACKAGE_TARNAME "libbgpstream"
| #define PACKAGE_VERSION "2.2.0"
| #define PACKAGE_STRING "libbgpstream 2.2.0"
| #define PACKAGE_BUGREPORT "bgpstream-info@caida.org"
| #define PACKAGE_URL ""
| #define PACKAGE "libbgpstream"
| #define VERSION "2.2.0"
| #define STDC_HEADERS 1
| #define HAVE_SYS_TYPES_H 1
| #define HAVE_SYS_STAT_H 1
| #define HAVE_STDLIB_H 1
| #define HAVE_STRING_H 1
| #define HAVE_MEMORY_H 1
| #define HAVE_STRINGS_H 1
| #define HAVE_INTTYPES_H 1
| #define HAVE_STDINT_H 1
| #define HAVE_UNISTD_H 1
| #define HAVE_DLFCN_H 1
| #define LT_OBJDIR ".libs/"
| #define PACKAGE "libbgpstream"
| #define VERSION "2.2.0"
| #define HAVE_GETTIMEOFDAY 1
| #define HAVE_MEMSET 1
| #define HAVE_STRDUP 1
| #define HAVE_STRSTR 1
| #define HAVE_STRSEP 1
| /* end confdefs.h.  */
| /* Define strlcpy to an innocuous variant, in case <limits.h> declares strlcpy.
|    For example, HP-UX 11i <limits.h> declares gettimeofday.  */
| #define strlcpy innocuous_strlcpy
| 
| /* System header to define __stub macros and hopefully few prototypes,
|     which can conflict with char strlcpy (); below.
|     Prefer <limits.h> to <assert.h> if __STDC__ is defined, since
|     <limits.h> exists even on freestanding compilers.  */
| 
| #ifdef __STDC__
| # include <limits.h>
| #else
| # include <assert.h>
| #endif
| 
| #undef strlcpy
| 
| /* Override any GCC internal prototype to avoid an error.
|    Use char because int might match the return type of a GCC
|    builtin and then its argument prototype would still apply.  */
| #ifdef __cplusplus
| extern "C"
| #endif
| char strlcpy ();
| /* The GNU C library defines this for functions which it implements
|     to always fail with ENOSYS.  Some functions are actually named
|     something starting with __ and the normal name is an alias.  */
| #if defined __stub_strlcpy || defined __stub___strlcpy
| choke me
| #endif
| 
| int
| main ()
| {
| return strlcpy ();
|   ;
|   return 0;
| }
configure:9552: result: no
configure:9552: checking for vasprintf
configure:9552: gcc -o conftest -g -O2   conftest.c  >&5
configure:9552: $? = 0
configure:9552: result: yes
configure:9564: checking whether to build with debug information
configure:9573: result: no
configure:9583: checking for size_t
configure:9583: gcc -c -g -O2  conftest.c >&5
configure:9583: $? = 0
configure:9583: gcc -c -g -O2  conftest.c >&5
conftest.c: In function 'main':
conftest.c:67:21: error: expected expression before ')' token
   67 | if (sizeof ((size_t)))
      |                     ^
configure:9583: $? = 1
configure: failed program was:
| /* confdefs.h */
| #define PACKAGE_NAME "libbgpstream"
| #define PACKAGE_TARNAME "libbgpstream"
| #define PACKAGE_VERSION "2.2.0"
| #define PACKAGE_STRING "libbgpstream 2.2.0"
| #define PACKAGE_BUGREPORT "bgpstream-info@caida.org"
| #define PACKAGE_URL ""
| #define PACKAGE "libbgpstream"
| #define VERSION "2.2.0"
| #define STDC_HEADERS 1
| #define HAVE_SYS_TYPES_H 1
| #define HAVE_SYS_STAT_H 1
| #define HAVE_STDLIB_H 1
| #define HAVE_STRING_H 1
| #define HAVE_MEMORY_H 1
| #define HAVE_STRINGS_H 1
| #define HAVE_INTTYPES_H 1
| #define HAVE_STDINT_H 1
| #define HAVE_UNISTD_H 1
| #define HAVE_DLFCN_H 1
| #define LT_OBJDIR ".libs/"
| #define PACKAGE "libbgpstream"
| #define VERSION "2.2.0"
| #define HAVE_GETTIMEOFDAY 1
| #define HAVE_MEMSET 1
| #define HAVE_STRDUP 1
| #define HAVE_STRSTR 1
| #define HAVE_STRSEP 1
| #define HAVE_VASPRINTF 1
| /* end confdefs.h.  */
| #include <stdio.h>
| #ifdef HAVE_SYS_TYPES_H
| # include <sys/types.h>
| #endif
| #ifdef HAVE_SYS_STAT_H
| # include <sys/stat.h>
| #endif
| #ifdef STDC_HEADERS
| # include <stdlib.h>
| # include <stddef.h>
| #else
| # ifdef HAVE_STDLIB_H
| #  include <stdlib.h>
| # endif
| #endif
| #ifdef HAVE_STRING_H
| # if !defined STDC_HEADERS && defined HAVE_MEMORY_H
| #  include <memory.h>
| # endif
| # include <string.h>
| #endif
| #ifdef HAVE_STRINGS_H
| # include <strings.h>
| #endif
| #ifdef HAVE_INTTYPES_H
| # include <inttypes.h>
| #endif
| #ifdef HAVE_STDINT_H
| # include <stdint.h>
| #endif
| #ifdef HAVE_UNISTD_H
| # include <unistd.h>
| #endif
| int
| main ()
| {
| if (sizeof ((size_t)))
| 	    return 0;
|   ;
|   return 0;
| }
configure:9583: result: yes
configure:9594: checking for uint16_t
configure:9594: gcc -c -g -O2  conftest.c >&5
configure:9594: $? = 0
configure:9594: result: yes
configure:9606: checking for uint32_t
configure:9606: gcc -c -g -O2  conftest.c >&5
configure:9606: $? = 0
configure:9606: result: yes
configure:9620: checking for uint64_t
configure:9620: gcc -c -g -O2  conftest.c >&5
configure:9620: $? = 0
configure:9620: result: yes
configure:9634: checking for uint8_t
configure:9634: gcc -c -g -O2  conftest.c >&5
configure:9634: $? = 0
configure:9634: result: yes
configure:9652: checking for stdlib.h
configure:9652: result: yes
configure:9662: checking for GNU libc compatible malloc
configure:9686: gcc -o conftest -g -O2   conftest.c  >&5
configure:9686: $? = 0
configure:9686: ./conftest
configure:9686: $? = 0
configure:9696: result: yes
configure:9719: checking for stdlib.h
configure:9719: result: yes
configure:9729: checking for GNU libc compatible realloc
configure:9753: gcc -o conftest -g -O2   conftest.c  >&5
configure:9753: $? = 0
configure:9753: ./conftest
configure:9753: $? = 0
configure:9763: result: yes
configure:9790: checking arpa/inet.h usability
configure:9790: gcc -c -g -O2  conftest.c >&5
configure:9790: $? = 0
configure:9790: result: yes
configure:9790: checking arpa/inet.h presence
configure:9790: gcc -E  conftest.c
configure:9790: $? = 0
configure:9790: result: yes
configure:9790: checking for arpa/inet.h
configure:9790: result: yes
configure:9790: checking for inttypes.h
configure:9790: result: yes
configure:9790: checking limits.h usability
configure:9790: gcc -c -g -O2  conftest.c >&5
configure:9790: $? = 0
configure:9790: result: yes
configure:9790: checking limits.h presence
configure:9790: gcc -E  conftest.c
configure:9790: $? = 0
configure:9790: result: yes
configure:9790: checking for limits.h
configure:9790: result: yes
configure:9790: checking math.h usability
configure:9790: gcc -c -g -O2  conftest.c >&5
configure:9790: $? = 0
configure:9790: result: yes
configure:9790: checking math.h presence
configure:9790: gcc -E  conftest.c
configure:9790: $? = 0
configure:9790: result: yes
configure:9790: checking for math.h
configure:9790: result: yes
configure:9790: checking for stdlib.h
configure:9790: result: yes
configure:9790: checking for string.h
configure:9790: result: yes
configure:9790: checking time.h usability
configure:9790: gcc -c -g -O2  conftest.c >&5
configure:9790: $? = 0
configure:9790: result: yes
configure:9790: checking time.h presence
configure:9790: gcc -E  conftest.c
configure:9790: $? = 0
configure:9790: result: yes
configure:9790: checking for time.h
configure:9790: result: yes
configure:9790: checking sys/time.h usability
configure:9790: gcc -c -g -O2  conftest.c >&5
configure:9790: $? = 0
configure:9790: result: yes
configure:9790: checking sys/time.h presence
configure:9790: gcc -E  conftest.c
configure:9790: $? = 0
configure:9790: result: yes
configure:9790: checking for sys/time.h
configure:9790: result: yes
configure:9949: checking if compiler needs certain flags to reject unknown flags
configure:9969: gcc -c  -Wunknown-warning-option -Wunused-command-line-argument -Wfoobaz -foobaz  conftest.c >&5
gcc: error: unrecognized command line option '-Wunknown-warning-option'
gcc: error: unrecognized command line option '-Wunused-command-line-argument'; did you mean '-Wunused-dummy-argument'?
gcc: error: unrecognized command line option '-Wfoobaz'
gcc: error: unrecognized command line option '-foobaz'
configure:9969: $? = 1
configure: failed program was:
| /* confdefs.h */
| #define PACKAGE_NAME "libbgpstream"
| #define PACKAGE_TARNAME "libbgpstream"
| #define PACKAGE_VERSION "2.2.0"
| #define PACKAGE_STRING "libbgpstream 2.2.0"
| #define PACKAGE_BUGREPORT "bgpstream-info@caida.org"
| #define PACKAGE_URL ""
| #define PACKAGE "libbgpstream"
| #define VERSION "2.2.0"
| #define STDC_HEADERS 1
| #define HAVE_SYS_TYPES_H 1
| #define HAVE_SYS_STAT_H 1
| #define HAVE_STDLIB_H 1
| #define HAVE_STRING_H 1
| #define HAVE_MEMORY_H 1
| #define HAVE_STRINGS_H 1
| #define HAVE_INTTYPES_H 1
| #define HAVE_STDINT_H 1
| #define HAVE_UNISTD_H 1
| #define HAVE_DLFCN_H 1
| #define LT_OBJDIR ".libs/"
| #define PACKAGE "libbgpstream"
| #define VERSION "2.2.0"
| #define HAVE_GETTIMEOFDAY 1
| #define HAVE_MEMSET 1
| #define HAVE_STRDUP 1
| #define HAVE_STRSTR 1
| #define HAVE_STRSEP 1
| #define HAVE_VASPRINTF 1
| #define HAVE_STDLIB_H 1
| #define HAVE_MALLOC 1
| #define HAVE_STDLIB_H 1
| #define HAVE_REALLOC 1
| #define HAVE_ARPA_INET_H 1
| #define HAVE_INTTYPES_H 1
| #define HAVE_LIMITS_H 1
| #define HAVE_MATH_H 1
| #define HAVE_STDLIB_H 1
| #define HAVE_STRING_H 1
| #define HAVE_TIME_H 1
| #define HAVE_SYS_TIME_H 1
| /* end confdefs.h.  */
| int foo(void);
| int
| main ()
| {
| foo()
|   ;
|   return 0;
| }
configure:9978: result: no
configure:10052: checking for the pthreads library -lpthreads
configure:10090: gcc -o conftest      conftest.c -lpthreads  >&5
/usr/bin/ld: cannot find -lpthreads
collect2: error: ld returned 1 exit status
configure:10090: $? = 1
configure: failed program was:
| /* confdefs.h */
| #define PACKAGE_NAME "libbgpstream"
| #define PACKAGE_TARNAME "libbgpstream"
| #define PACKAGE_VERSION "2.2.0"
| #define PACKAGE_STRING "libbgpstream 2.2.0"
| #define PACKAGE_BUGREPORT "bgpstream-info@caida.org"
| #define PACKAGE_URL ""
| #define PACKAGE "libbgpstream"
| #define VERSION "2.2.0"
| #define STDC_HEADERS 1
| #define HAVE_SYS_TYPES_H 1
| #define HAVE_SYS_STAT_H 1
| #define HAVE_STDLIB_H 1
| #define HAVE_STRING_H 1
| #define HAVE_MEMORY_H 1
| #define HAVE_STRINGS_H 1
| #define HAVE_INTTYPES_H 1
| #define HAVE_STDINT_H 1
| #define HAVE_UNISTD_H 1
| #define HAVE_DLFCN_H 1
| #define LT_OBJDIR ".libs/"
| #define PACKAGE "libbgpstream"
| #define VERSION "2.2.0"
| #define HAVE_GETTIMEOFDAY 1
| #define HAVE_MEMSET 1
| #define HAVE_STRDUP 1
| #define HAVE_STRSTR 1
| #define HAVE_STRSEP 1
| #define HAVE_VASPRINTF 1
| #define HAVE_STDLIB_H 1
| #define HAVE_MALLOC 1
| #define HAVE_STDLIB_H 1
| #define HAVE_REALLOC 1
| #define HAVE_ARPA_INET_H 1
| #define HAVE_INTTYPES_H 1
| #define HAVE_LIMITS_H 1
| #define HAVE_MATH_H 1
| #define HAVE_STDLIB_H 1
| #define HAVE_STRING_H 1
| #define HAVE_TIME_H 1
| #define HAVE_SYS_TIME_H 1
| /* end confdefs.h.  */
| #include <pthread.h>
|                         static void routine(void *a) { a = 0; }
|                         static void *start_routine(void *a) { return a; }
| int
| main ()
| {
| pthread_t th; pthread_attr_t attr;
|                         pthread_create(&th, 0, start_routine, 0);
|                         pthread_join(th, 0);
|                         pthread_attr_init(&attr);
|                         pthread_cleanup_push(routine, 0);
|                         pthread_cleanup_pop(0) /* ; */
|   ;
|   return 0;
| }
configure:10099: result: no
configure:9990: checking whether pthreads work without any flags
configure:10090: gcc -o conftest      conftest.c   >&5
/usr/bin/ld: /tmp/ccDYKmw3.o: in function `main':
conftest.c:(.text+0x63): undefined reference to `pthread_create'
/usr/bin/ld: conftest.c:(.text+0x77): undefined reference to `pthread_join'
/usr/bin/ld: conftest.c:(.text+0xf2): undefined reference to `__pthread_register_cancel'
/usr/bin/ld: conftest.c:(.text+0xfe): undefined reference to `__pthread_unregister_cancel'
collect2: error: ld returned 1 exit status
configure:10090: $? = 1
configure: failed program was:
| /* confdefs.h */
| #define PACKAGE_NAME "libbgpstream"
| #define PACKAGE_TARNAME "libbgpstream"
| #define PACKAGE_VERSION "2.2.0"
| #define PACKAGE_STRING "libbgpstream 2.2.0"
| #define PACKAGE_BUGREPORT "bgpstream-info@caida.org"
| #define PACKAGE_URL ""
| #define PACKAGE "libbgpstream"
| #define VERSION "2.2.0"
| #define STDC_HEADERS 1
| #define HAVE_SYS_TYPES_H 1
| #define HAVE_SYS_STAT_H 1
| #define HAVE_STDLIB_H 1
| #define HAVE_STRING_H 1
| #define HAVE_MEMORY_H 1
| #define HAVE_STRINGS_H 1
| #define HAVE_INTTYPES_H 1
| #define HAVE_STDINT_H 1
| #define HAVE_UNISTD_H 1
| #define HAVE_DLFCN_H 1
| #define LT_OBJDIR ".libs/"
| #define PACKAGE "libbgpstream"
| #define VERSION "2.2.0"
| #define HAVE_GETTIMEOFDAY 1
| #define HAVE_MEMSET 1
| #define HAVE_STRDUP 1
| #define HAVE_STRSTR 1
| #define HAVE_STRSEP 1
| #define HAVE_VASPRINTF 1
| #define HAVE_STDLIB_H 1
| #define HAVE_MALLOC 1
| #define HAVE_STDLIB_H 1
| #define HAVE_REALLOC 1
| #define HAVE_ARPA_INET_H 1
| #define HAVE_INTTYPES_H 1
| #define HAVE_LIMITS_H 1
| #define HAVE_MATH_H 1
| #define HAVE_STDLIB_H 1
| #define HAVE_STRING_H 1
| #define HAVE_TIME_H 1
| #define HAVE_SYS_TIME_H 1
| /* end confdefs.h.  */
| #include <pthread.h>
|                         static void routine(void *a) { a = 0; }
|                         static void *start_routine(void *a) { return a; }
| int
| main ()
| {
| pthread_t th; pthread_attr_t attr;
|                         pthread_create(&th, 0, start_routine, 0);
|                         pthread_join(th, 0);
|                         pthread_attr_init(&attr);
|                         pthread_cleanup_push(routine, 0);
|                         pthread_cleanup_pop(0) /* ; */
|   ;
|   return 0;
| }
configure:10099: result: no
configure:10002: checking whether pthreads work with -Kthread
configure:10090: gcc -o conftest  -Kthread    conftest.c   >&5
gcc: error: unrecognized command line option '-Kthread'; did you mean '-pthread'?
configure:10090: $? = 1
configure: failed program was:
| /* confdefs.h */
| #define PACKAGE_NAME "libbgpstream"
| #define PACKAGE_TARNAME "libbgpstream"
| #define PACKAGE_VERSION "2.2.0"
| #define PACKAGE_STRING "libbgpstream 2.2.0"
| #define PACKAGE_BUGREPORT "bgpstream-info@caida.org"
| #define PACKAGE_URL ""
| #define PACKAGE "libbgpstream"
| #define VERSION "2.2.0"
| #define STDC_HEADERS 1
| #define HAVE_SYS_TYPES_H 1
| #define HAVE_SYS_STAT_H 1
| #define HAVE_STDLIB_H 1
| #define HAVE_STRING_H 1
| #define HAVE_MEMORY_H 1
| #define HAVE_STRINGS_H 1
| #define HAVE_INTTYPES_H 1
| #define HAVE_STDINT_H 1
| #define HAVE_UNISTD_H 1
| #define HAVE_DLFCN_H 1
| #define LT_OBJDIR ".libs/"
| #define PACKAGE "libbgpstream"
| #define VERSION "2.2.0"
| #define HAVE_GETTIMEOFDAY 1
| #define HAVE_MEMSET 1
| #define HAVE_STRDUP 1
| #define HAVE_STRSTR 1
| #define HAVE_STRSEP 1
| #define HAVE_VASPRINTF 1
| #define HAVE_STDLIB_H 1
| #define HAVE_MALLOC 1
| #define HAVE_STDLIB_H 1
| #define HAVE_REALLOC 1
| #define HAVE_ARPA_INET_H 1
| #define HAVE_INTTYPES_H 1
| #define HAVE_LIMITS_H 1
| #define HAVE_MATH_H 1
| #define HAVE_STDLIB_H 1
| #define HAVE_STRING_H 1
| #define HAVE_TIME_H 1
| #define HAVE_SYS_TIME_H 1
| /* end confdefs.h.  */
| #include <pthread.h>
|                         static void routine(void *a) { a = 0; }
|                         static void *start_routine(void *a) { return a; }
| int
| main ()
| {
| pthread_t th; pthread_attr_t attr;
|                         pthread_create(&th, 0, start_routine, 0);
|                         pthread_join(th, 0);
|                         pthread_attr_init(&attr);
|                         pthread_cleanup_push(routine, 0);
|                         pthread_cleanup_pop(0) /* ; */
|   ;
|   return 0;
| }
configure:10099: result: no
configure:10002: checking whether pthreads work with -kthread
configure:10090: gcc -o conftest  -kthread    conftest.c   >&5
gcc: error: unrecognized command line option '-kthread'; did you mean '-pthread'?
configure:10090: $? = 1
configure: failed program was:
| /* confdefs.h */
| #define PACKAGE_NAME "libbgpstream"
| #define PACKAGE_TARNAME "libbgpstream"
| #define PACKAGE_VERSION "2.2.0"
| #define PACKAGE_STRING "libbgpstream 2.2.0"
| #define PACKAGE_BUGREPORT "bgpstream-info@caida.org"
| #define PACKAGE_URL ""
| #define PACKAGE "libbgpstream"
| #define VERSION "2.2.0"
| #define STDC_HEADERS 1
| #define HAVE_SYS_TYPES_H 1
| #define HAVE_SYS_STAT_H 1
| #define HAVE_STDLIB_H 1
| #define HAVE_STRING_H 1
| #define HAVE_MEMORY_H 1
| #define HAVE_STRINGS_H 1
| #define HAVE_INTTYPES_H 1
| #define HAVE_STDINT_H 1
| #define HAVE_UNISTD_H 1
| #define HAVE_DLFCN_H 1
| #define LT_OBJDIR ".libs/"
| #define PACKAGE "libbgpstream"
| #define VERSION "2.2.0"
| #define HAVE_GETTIMEOFDAY 1
| #define HAVE_MEMSET 1
| #define HAVE_STRDUP 1
| #define HAVE_STRSTR 1
| #define HAVE_STRSEP 1
| #define HAVE_VASPRINTF 1
| #define HAVE_STDLIB_H 1
| #define HAVE_MALLOC 1
| #define HAVE_STDLIB_H 1
| #define HAVE_REALLOC 1
| #define HAVE_ARPA_INET_H 1
| #define HAVE_INTTYPES_H 1
| #define HAVE_LIMITS_H 1
| #define HAVE_MATH_H 1
| #define HAVE_STDLIB_H 1
| #define HAVE_STRING_H 1
| #define HAVE_TIME_H 1
| #define HAVE_SYS_TIME_H 1
| /* end confdefs.h.  */
| #include <pthread.h>
|                         static void routine(void *a) { a = 0; }
|                         static void *start_routine(void *a) { return a; }
| int
| main ()
| {
| pthread_t th; pthread_attr_t attr;
|                         pthread_create(&th, 0, start_routine, 0);
|                         pthread_join(th, 0);
|                         pthread_attr_init(&attr);
|                         pthread_cleanup_push(routine, 0);
|                         pthread_cleanup_pop(0) /* ; */
|   ;
|   return 0;
| }
configure:10099: result: no
configure:10052: checking for the pthreads library -llthread
configure:10090: gcc -o conftest      conftest.c -llthread  >&5
/usr/bin/ld: cannot find -llthread
collect2: error: ld returned 1 exit status
configure:10090: $? = 1
configure: failed program was:
| /* confdefs.h */
| #define PACKAGE_NAME "libbgpstream"
| #define PACKAGE_TARNAME "libbgpstream"
| #define PACKAGE_VERSION "2.2.0"
| #define PACKAGE_STRING "libbgpstream 2.2.0"
| #define PACKAGE_BUGREPORT "bgpstream-info@caida.org"
| #define PACKAGE_URL ""
| #define PACKAGE "libbgpstream"
| #define VERSION "2.2.0"
| #define STDC_HEADERS 1
| #define HAVE_SYS_TYPES_H 1
| #define HAVE_SYS_STAT_H 1
| #define HAVE_STDLIB_H 1
| #define HAVE_STRING_H 1
| #define HAVE_MEMORY_H 1
| #define HAVE_STRINGS_H 1
| #define HAVE_INTTYPES_H 1
| #define HAVE_STDINT_H 1
| #define HAVE_UNISTD_H 1
| #define HAVE_DLFCN_H 1
| #define LT_OBJDIR ".libs/"
| #define PACKAGE "libbgpstream"
| #define VERSION "2.2.0"
| #define HAVE_GETTIMEOFDAY 1
| #define HAVE_MEMSET 1
| #define HAVE_STRDUP 1
| #define HAVE_STRSTR 1
| #define HAVE_STRSEP 1
| #define HAVE_VASPRINTF 1
| #define HAVE_STDLIB_H 1
| #define HAVE_MALLOC 1
| #define HAVE_STDLIB_H 1
| #define HAVE_REALLOC 1
| #define HAVE_ARPA_INET_H 1
| #define HAVE_INTTYPES_H 1
| #define HAVE_LIMITS_H 1
| #define HAVE_MATH_H 1
| #define HAVE_STDLIB_H 1
| #define HAVE_STRING_H 1
| #define HAVE_TIME_H 1
| #define HAVE_SYS_TIME_H 1
| /* end confdefs.h.  */
| #include <pthread.h>
|                         static void routine(void *a) { a = 0; }
|                         static void *start_routine(void *a) { return a; }
| int
| main ()
| {
| pthread_t th; pthread_attr_t attr;
|                         pthread_create(&th, 0, start_routine, 0);
|                         pthread_join(th, 0);
|                         pthread_attr_init(&attr);
|                         pthread_cleanup_push(routine, 0);
|                         pthread_cleanup_pop(0) /* ; */
|   ;
|   return 0;
| }
configure:10099: result: no
configure:10002: checking whether pthreads work with -pthread
configure:10090: gcc -o conftest  -pthread    conftest.c   >&5
configure:10090: $? = 0
configure:10099: result: yes
configure:10118: checking for joinable pthread attribute
configure:10136: gcc -o conftest  -pthread   conftest.c   >&5
configure:10136: $? = 0
configure:10144: result: PTHREAD_CREATE_JOINABLE
configure:10155: checking for pthread_yield
configure:10172: gcc -o conftest  -pthread   conftest.c   >&5
conftest.c: In function 'main':
conftest.c:50:25: warning: implicit declaration of function 'pthread_yield'; did you mean 'pthread_self'? [-Wimplicit-function-declaration]
   50 |                         pthread_yield();
      |                         ^~~~~~~~~~~~~
      |                         pthread_self
configure:10172: $? = 0
configure:10174: result: yes
configure:10220: checking if more special flags are required for pthreads
configure:10251: result: no
configure:10259: checking for PTHREAD_PRIO_INHERIT
configure:10275: gcc -o conftest  -pthread   conftest.c   >&5
configure:10275: $? = 0
configure:10284: result: yes
configure:10389: checking for http_open_hdrs in -lwandio
configure:10414: gcc -o conftest -g -O2 -pthread   conftest.c -lwandio    >&5
configure:10414: $? = 0
configure:10423: result: yes
configure:10447: checking for doxygen
configure:10475: result: no
configure:10483: checking whether to compile the docs
configure:10498: result: no
configure:10509: 
configure:10511: ---- BGPStream configuration ----
configure:10514: checking format modules...
configure:10518: checking whether to enable libparsebgp warnings
configure:10532: result: no
configure:10535: checking transport modules...
configure:10539: checking whether to build kafka support
configure:10549: result: yes
configure:10564: checking for rd_kafka_version in -lrdkafka
configure:10589: gcc -o conftest -g -O2 -pthread   conftest.c -lrdkafka  -lwandio   >&5
configure:10589: $? = 0
configure:10598: result: yes
configure:10614: checking for librdkafka >= 0.11.0
configure:10648: gcc -o conftest -g -O2 -pthread   conftest.c -lrdkafka -lwandio   >&5
configure:10648: $? = 0
configure:10648: ./conftest
librdkafka version 1.2.1 ok
configure:10648: $? = 0
configure:10658: result: ok
configure:10666: 
configure:10668: checking data interfaces...
configure:10672: checking whether to build with data interface: broker
configure:10705: result: yes
configure:10718: checking whether to build with data interface: singlefile
configure:10751: result: yes
configure:10764: checking whether to build with data interface: kafka
configure:10797: result: yes
configure:10810: checking whether to build with data interface: csvfile
configure:10843: result: yes
configure:10856: checking whether to build with data interface: sqlite
configure:10889: result: no
configure:10907: checking data interface dependencies...
configure:10912: checking for wandio HTTP support
configure:10934: gcc -o conftest -g -O2 -pthread   conftest.c -lwandio >&5
configure:10934: $? = 0
configure:10934: ./conftest
configure:10934: $? = 0
configure:10947: result: yes
configure:11010: configuring data interface parameters...
configure:11017: checking data interface option: Broker URL
configure:11032: result: https://broker.bgpstream.caida.org/v2
configure:11036: checking whether to enable broker debugging output
configure:11045: result: no
configure:11058: checking data interface option: RIB MRT file to read
configure:11073: result: not-set
configure:11078: checking data interface option: Updates MRT to read
configure:11093: result: not-set
configure:11126: checking data interface option: CSV file listing the MRT data to read
configure:11141: result: not-set
configure:11147: 
configure:11149: ---- RPKI support configuration ----
configure:11223: checking whether to build with RPKI support
configure:11225: result: no
configure:11230: checking whether to enable assertions
configure:11248: result: yes
configure:11367: checking that generated files are newer than configure
configure:11373: result: done
configure:11440: creating ./config.status

## ---------------------- ##
## Running config.status. ##
## ---------------------- ##

This file was extended by libbgpstream config.status 2.2.0, which was
generated by GNU Autoconf 2.69.  Invocation command line was

  CONFIG_FILES    = 
  CONFIG_HEADERS  = 
  CONFIG_LINKS    = 
  CONFIG_COMMANDS = 
  $ ./config.status 

on ipswen-testbed-node-001

config.status:1161: creating Makefile
config.status:1161: creating common/Makefile
config.status:1161: creating common/libpatricia/Makefile
config.status:1161: creating common/libinterval3/Makefile
config.status:1161: creating common/libinterval3/rb_tree/Makefile
config.status:1161: creating common/libcsv/Makefile
config.status:1161: creating common/libjsmn/Makefile
config.status:1161: creating docs/Makefile
config.status:1161: creating docs/bgpstream.doxygen
config.status:1161: creating lib/Makefile
config.status:1161: creating lib/bgpstream.h
config.status:1161: creating lib/datainterfaces/Makefile
config.status:1161: creating lib/transports/Makefile
config.status:1161: creating lib/formats/Makefile
config.status:1161: creating lib/utils/Makefile
config.status:1161: creating tools/Makefile
config.status:1161: creating test/Makefile
config.status:1161: creating config.h
config.status:1390: executing depfiles commands
config.status:1467: cd common       && sed -e '/# am--include-marker/d' Makefile         | make -f - am--depfiles
config.status:1472: $? = 0
config.status:1467: cd common/libpatricia       && sed -e '/# am--include-marker/d' Makefile         | make -f - am--depfiles
config.status:1472: $? = 0
config.status:1467: cd common/libinterval3       && sed -e '/# am--include-marker/d' Makefile         | make -f - am--depfiles
config.status:1472: $? = 0
config.status:1467: cd common/libinterval3/rb_tree       && sed -e '/# am--include-marker/d' Makefile         | make -f - am--depfiles
config.status:1472: $? = 0
config.status:1467: cd common/libcsv       && sed -e '/# am--include-marker/d' Makefile         | make -f - am--depfiles
config.status:1472: $? = 0
config.status:1467: cd common/libjsmn       && sed -e '/# am--include-marker/d' Makefile         | make -f - am--depfiles
config.status:1472: $? = 0
config.status:1467: cd lib       && sed -e '/# am--include-marker/d' Makefile         | make -f - am--depfiles
config.status:1472: $? = 0
config.status:1467: cd lib/datainterfaces       && sed -e '/# am--include-marker/d' Makefile         | make -f - am--depfiles
config.status:1472: $? = 0
config.status:1467: cd lib/transports       && sed -e '/# am--include-marker/d' Makefile         | make -f - am--depfiles
config.status:1472: $? = 0
config.status:1467: cd lib/formats       && sed -e '/# am--include-marker/d' Makefile         | make -f - am--depfiles
config.status:1472: $? = 0
config.status:1467: cd lib/utils       && sed -e '/# am--include-marker/d' Makefile         | make -f - am--depfiles
config.status:1472: $? = 0
config.status:1467: cd tools       && sed -e '/# am--include-marker/d' Makefile         | make -f - am--depfiles
config.status:1472: $? = 0
config.status:1467: cd test       && sed -e '/# am--include-marker/d' Makefile         | make -f - am--depfiles
config.status:1472: $? = 0
config.status:1390: executing libtool commands
config.status:1390: executing libtool-rpath-patch commands
configure:13672: === configuring in lib/formats/libparsebgp (/home/ubuntu/src/libbgpstream-2.2.0/lib/formats/libparsebgp)
configure:13735: running /bin/bash ./configure --disable-option-checking '--prefix=/usr/local'  --cache-file=/dev/null --srcdir=.

## ---------------- ##
## Cache variables. ##
## ---------------- ##

ac_cv_build=x86_64-pc-linux-gnu
ac_cv_c_compiler_gnu=yes
ac_cv_c_uint16_t=yes
ac_cv_c_uint32_t=yes
ac_cv_c_uint64_t=yes
ac_cv_c_uint8_t=yes
ac_cv_env_CC_set=
ac_cv_env_CC_value=
ac_cv_env_CFLAGS_set=
ac_cv_env_CFLAGS_value=
ac_cv_env_CPPFLAGS_set=
ac_cv_env_CPPFLAGS_value=
ac_cv_env_CPP_set=
ac_cv_env_CPP_value=
ac_cv_env_LDFLAGS_set=
ac_cv_env_LDFLAGS_value=
ac_cv_env_LIBS_set=
ac_cv_env_LIBS_value=
ac_cv_env_LT_SYS_LIBRARY_PATH_set=
ac_cv_env_LT_SYS_LIBRARY_PATH_value=
ac_cv_env_build_alias_set=
ac_cv_env_build_alias_value=
ac_cv_env_host_alias_set=
ac_cv_env_host_alias_value=
ac_cv_env_target_alias_set=
ac_cv_env_target_alias_value=
ac_cv_func_gettimeofday=yes
ac_cv_func_malloc_0_nonnull=yes
ac_cv_func_memset=yes
ac_cv_func_realloc_0_nonnull=yes
ac_cv_func_strdup=yes
ac_cv_func_strlcpy=no
ac_cv_func_strsep=yes
ac_cv_func_strstr=yes
ac_cv_func_vasprintf=yes
ac_cv_header_arpa_inet_h=yes
ac_cv_header_dlfcn_h=yes
ac_cv_header_inttypes_h=yes
ac_cv_header_limits_h=yes
ac_cv_header_math_h=yes
ac_cv_header_memory_h=yes
ac_cv_header_stdc=yes
ac_cv_header_stdint_h=yes
ac_cv_header_stdlib_h=yes
ac_cv_header_string_h=yes
ac_cv_header_strings_h=yes
ac_cv_header_sys_stat_h=yes
ac_cv_header_sys_time_h=yes
ac_cv_header_sys_types_h=yes
ac_cv_header_time_h=yes
ac_cv_header_unistd_h=yes
ac_cv_host=x86_64-pc-linux-gnu
ac_cv_lib_rdkafka_rd_kafka_version=yes
ac_cv_lib_wandio_http_open_hdrs=yes
ac_cv_objext=o
ac_cv_path_EGREP='/usr/bin/grep -E'
ac_cv_path_FGREP='/usr/bin/grep -F'
ac_cv_path_GREP=/usr/bin/grep
ac_cv_path_SED=/usr/bin/sed
ac_cv_path_install='/usr/bin/install -c'
ac_cv_path_lt_DD=/usr/bin/dd
ac_cv_path_mkdir=/usr/bin/mkdir
ac_cv_prog_AWK=gawk
ac_cv_prog_CPP='gcc -E'
ac_cv_prog_ac_ct_AR=ar
ac_cv_prog_ac_ct_CC=gcc
ac_cv_prog_ac_ct_MANIFEST_TOOL=mt
ac_cv_prog_ac_ct_OBJDUMP=objdump
ac_cv_prog_ac_ct_RANLIB=ranlib
ac_cv_prog_ac_ct_STRIP=strip
ac_cv_prog_bgpstream_doxygen_avail=no
ac_cv_prog_cc_c89=
ac_cv_prog_cc_c99=
ac_cv_prog_cc_g=yes
ac_cv_prog_make_make_set=yes
ac_cv_sys_file_offset_bits=no
ac_cv_sys_largefile_CC=no
ac_cv_type_size_t=yes
am_cv_CC_dependencies_compiler_type=gcc3
am_cv_make_support_nested_variables=yes
am_cv_prog_cc_c_o=yes
ax_cv_PTHREAD_JOINABLE_ATTR=PTHREAD_CREATE_JOINABLE
ax_cv_PTHREAD_PRIO_INHERIT=yes
ax_cv_PTHREAD_REJECT_UNKNOWN=no
ax_cv_PTHREAD_SPECIAL_FLAGS=no
lt_cv_ar_at_file=@
lt_cv_archive_cmds_need_lc=no
lt_cv_deplibs_check_method=pass_all
lt_cv_file_magic_cmd='$MAGIC_CMD'
lt_cv_file_magic_test_file=
lt_cv_ld_reload_flag=-r
lt_cv_nm_interface='BSD nm'
lt_cv_objdir=.libs
lt_cv_path_LD=/usr/bin/ld
lt_cv_path_NM='/usr/bin/nm -B'
lt_cv_path_mainfest_tool=no
lt_cv_prog_compiler_c_o=yes
lt_cv_prog_compiler_pic='-fPIC -DPIC'
lt_cv_prog_compiler_pic_works=yes
lt_cv_prog_compiler_rtti_exceptions=no
lt_cv_prog_compiler_static_works=yes
lt_cv_prog_gnu_ld=yes
lt_cv_sharedlib_from_linklib_cmd='printf %s\n'
lt_cv_shlibpath_overrides_runpath=yes
lt_cv_sys_global_symbol_pipe='sed -n -e '\''s/^.*[	 ]\([ABCDGIRSTW][ABCDGIRSTW]*\)[	 ][	 ]*\([_A-Za-z][_A-Za-z0-9]*\)$/\1 \2 \2/p'\'' | sed '\''/ __gnu_lto/d'\'''
lt_cv_sys_global_symbol_to_c_name_address='sed -n -e '\''s/^: \(.*\) .*$/  {"\1", (void *) 0},/p'\'' -e '\''s/^[ABCDGIRSTW][ABCDGIRSTW]* .* \(.*\)$/  {"\1", (void *) \&\1},/p'\'''
lt_cv_sys_global_symbol_to_c_name_address_lib_prefix='sed -n -e '\''s/^: \(.*\) .*$/  {"\1", (void *) 0},/p'\'' -e '\''s/^[ABCDGIRSTW][ABCDGIRSTW]* .* \(lib.*\)$/  {"\1", (void *) \&\1},/p'\'' -e '\''s/^[ABCDGIRSTW][ABCDGIRSTW]* .* \(.*\)$/  {"lib\1", (void *) \&\1},/p'\'''
lt_cv_sys_global_symbol_to_cdecl='sed -n -e '\''s/^T .* \(.*\)$/extern int \1();/p'\'' -e '\''s/^[ABCDGIRSTW][ABCDGIRSTW]* .* \(.*\)$/extern char \1;/p'\'''
lt_cv_sys_global_symbol_to_import=
lt_cv_sys_max_cmd_len=1572864
lt_cv_to_host_file_cmd=func_convert_file_noop
lt_cv_to_tool_file_cmd=func_convert_file_noop
lt_cv_truncate_bin='/usr/bin/dd bs=4096 count=1'

## ----------------- ##
## Output variables. ##
## ----------------- ##

ACLOCAL='${SHELL} /home/ubuntu/src/libbgpstream-2.2.0/missing aclocal-1.16'
AMDEPBACKSLASH='\'
AMDEP_FALSE='#'
AMDEP_TRUE=''
AMTAR='$${TAR-tar}'
AM_BACKSLASH='\'
AM_DEFAULT_V='$(AM_DEFAULT_VERBOSITY)'
AM_DEFAULT_VERBOSITY='1'
AM_V='$(V)'
AR='ar'
AUTOCONF='${SHELL} /home/ubuntu/src/libbgpstream-2.2.0/missing autoconf'
AUTOHEADER='${SHELL} /home/ubuntu/src/libbgpstream-2.2.0/missing autoheader'
AUTOMAKE='${SHELL} /home/ubuntu/src/libbgpstream-2.2.0/missing automake-1.16'
AWK='gawk'
BGPSTREAM_MAJOR_VERSION='2'
BGPSTREAM_MID_VERSION='2'
BGPSTREAM_MINOR_VERSION='0'
CC='gcc'
CCDEPMODE='depmode=gcc3'
CFLAGS='-g -O2 -pthread'
CPP='gcc -E'
CPPFLAGS=''
CYGPATH_W='echo'
DEFS='-DHAVE_CONFIG_H'
DEPDIR='.deps'
DLLTOOL='false'
DSYMUTIL=''
DUMPBIN=''
ECHO_C=''
ECHO_N='-n'
ECHO_T=''
EGREP='/usr/bin/grep -E'
EXEEXT=''
FGREP='/usr/bin/grep -F'
GREP='/usr/bin/grep'
HAS_DOXYGEN_FALSE=''
HAS_DOXYGEN_TRUE='#'
INSTALL_DATA='${INSTALL} -m 644'
INSTALL_PROGRAM='${INSTALL}'
INSTALL_SCRIPT='${INSTALL}'
INSTALL_STRIP_PROGRAM='$(install_sh) -c -s'
LD='/usr/bin/ld -m elf_x86_64'
LDFLAGS=''
LIBBGPSTREAM_SHLIB_AGE='0'
LIBBGPSTREAM_SHLIB_CURRENT='3'
LIBBGPSTREAM_SHLIB_REVISION='0'
LIBOBJS=''
LIBS='-lrdkafka -lwandio  '
LIBTOOL='$(SHELL) $(top_builddir)/libtool'
LIPO=''
LN_S='ln -s'
LTLIBOBJS=''
LT_SYS_LIBRARY_PATH=''
MAKEINFO='${SHELL} /home/ubuntu/src/libbgpstream-2.2.0/missing makeinfo'
MANIFEST_TOOL=':'
MKDIR_P='/usr/bin/mkdir -p'
NM='/usr/bin/nm -B'
NMEDIT=''
OBJDUMP='objdump'
OBJEXT='o'
OTOOL64=''
OTOOL=''
PACKAGE='libbgpstream'
PACKAGE_BUGREPORT='bgpstream-info@caida.org'
PACKAGE_NAME='libbgpstream'
PACKAGE_STRING='libbgpstream 2.2.0'
PACKAGE_TARNAME='libbgpstream'
PACKAGE_URL=''
PACKAGE_VERSION='2.2.0'
PATH_SEPARATOR=':'
PTHREAD_CC='gcc'
PTHREAD_CFLAGS='-pthread'
PTHREAD_LIBS=''
RANLIB='ranlib'
SED='/usr/bin/sed'
SET_MAKE=''
SHELL='/bin/bash'
STRIP='strip'
VERSION='2.2.0'
WITH_DATA_INTERFACE_BROKER_FALSE='#'
WITH_DATA_INTERFACE_BROKER_TRUE=''
WITH_DATA_INTERFACE_CSVFILE_FALSE='#'
WITH_DATA_INTERFACE_CSVFILE_TRUE=''
WITH_DATA_INTERFACE_KAFKA_FALSE='#'
WITH_DATA_INTERFACE_KAFKA_TRUE=''
WITH_DATA_INTERFACE_SINGLEFILE_FALSE='#'
WITH_DATA_INTERFACE_SINGLEFILE_TRUE=''
WITH_DATA_INTERFACE_SQLITE_FALSE=''
WITH_DATA_INTERFACE_SQLITE_TRUE='#'
WITH_KAFKA_FALSE='#'
WITH_KAFKA_TRUE=''
WITH_RPKI_FALSE=''
WITH_RPKI_TRUE='#'
ac_ct_AR='ar'
ac_ct_CC='gcc'
ac_ct_DUMPBIN=''
am__EXEEXT_FALSE=''
am__EXEEXT_TRUE='#'
am__fastdepCC_FALSE='#'
am__fastdepCC_TRUE=''
am__include='include'
am__isrc=''
am__leading_dot='.'
am__nodep='_no'
am__quote=''
am__tar='$${TAR-tar} chof - "$$tardir"'
am__untar='$${TAR-tar} xf -'
ax_pthread_config=''
bgpstream_doxygen_avail='no'
bindir='${exec_prefix}/bin'
build='x86_64-pc-linux-gnu'
build_alias=''
build_cpu='x86_64'
build_os='linux-gnu'
build_vendor='pc'
datadir='${datarootdir}'
datarootdir='${prefix}/share'
docdir='${datarootdir}/doc/${PACKAGE_TARNAME}'
dvidir='${docdir}'
exec_prefix='${prefix}'
host='x86_64-pc-linux-gnu'
host_alias=''
host_cpu='x86_64'
host_os='linux-gnu'
host_vendor='pc'
htmldir='${docdir}'
includedir='${prefix}/include'
infodir='${datarootdir}/info'
install_sh='${SHELL} /home/ubuntu/src/libbgpstream-2.2.0/install-sh'
libdir='${exec_prefix}/lib'
libexecdir='${exec_prefix}/libexec'
localedir='${datarootdir}/locale'
localstatedir='${prefix}/var'
mandir='${datarootdir}/man'
mkdir_p='$(MKDIR_P)'
oldincludedir='/usr/include'
pdfdir='${docdir}'
prefix='/usr/local'
program_transform_name='s,x,x,'
psdir='${docdir}'
runstatedir='${localstatedir}/run'
sbindir='${exec_prefix}/sbin'
sharedstatedir='${prefix}/com'
subdirs=' lib/formats/libparsebgp'
sysconfdir='${prefix}/etc'
target_alias=''

## ----------- ##
## confdefs.h. ##
## ----------- ##

/* confdefs.h */
#define PACKAGE_NAME "libbgpstream"
#define PACKAGE_TARNAME "libbgpstream"
#define PACKAGE_VERSION "2.2.0"
#define PACKAGE_STRING "libbgpstream 2.2.0"
#define PACKAGE_BUGREPORT "bgpstream-info@caida.org"
#define PACKAGE_URL ""
#define PACKAGE "libbgpstream"
#define VERSION "2.2.0"
#define STDC_HEADERS 1
#define HAVE_SYS_TYPES_H 1
#define HAVE_SYS_STAT_H 1
#define HAVE_STDLIB_H 1
#define HAVE_STRING_H 1
#define HAVE_MEMORY_H 1
#define HAVE_STRINGS_H 1
#define HAVE_INTTYPES_H 1
#define HAVE_STDINT_H 1
#define HAVE_UNISTD_H 1
#define HAVE_DLFCN_H 1
#define LT_OBJDIR ".libs/"
#define PACKAGE "libbgpstream"
#define VERSION "2.2.0"
#define HAVE_GETTIMEOFDAY 1
#define HAVE_MEMSET 1
#define HAVE_STRDUP 1
#define HAVE_STRSTR 1
#define HAVE_STRSEP 1
#define HAVE_VASPRINTF 1
#define HAVE_STDLIB_H 1
#define HAVE_MALLOC 1
#define HAVE_STDLIB_H 1
#define HAVE_REALLOC 1
#define HAVE_ARPA_INET_H 1
#define HAVE_INTTYPES_H 1
#define HAVE_LIMITS_H 1
#define HAVE_MATH_H 1
#define HAVE_STDLIB_H 1
#define HAVE_STRING_H 1
#define HAVE_TIME_H 1
#define HAVE_SYS_TIME_H 1
#define PTHREAD_YIELD_FUNC pthread_yield
#define HAVE_PTHREAD_PRIO_INHERIT 1
#define HAVE_PTHREAD 1
#define HAVE_LIBWANDIO 1
#define PARSEBGP_SILENCE_WARNING /**/
#define HAVE_LIBRDKAFKA 1
#define WITH_KAFKA 1
#define WITH_DATA_INTERFACE_BROKER 1
#define WITH_DATA_INTERFACE_SINGLEFILE 1
#define WITH_DATA_INTERFACE_KAFKA 1
#define WITH_DATA_INTERFACE_CSVFILE 1
#define BGPSTREAM_DI_BROKER_URL "https://broker.bgpstream.caida.org/v2"
#define BGPSTREAM_DI_SINGLEFILE_RIB_FILE "not-set"
#define BGPSTREAM_DI_SINGLEFILE_UPDATE_FILE "not-set"
#define BGPSTREAM_DI_CSVFILE_CSV_FILE "not-set"

configure: exit 0
