This file contains any messages produced by compilers while
running configure, to aid debugging if configure makes a mistake.

It was created by configure, which was
generated by GNU Autoconf 2.71.  Invocation command line was

  $ ./configure

## --------- ##
## Platform. ##
## --------- ##

hostname = ipswen-testbed-node-001
uname -m = x86_64
uname -r = 5.4.0-ipswen-v1-20240124
uname -s = Linux
uname -v = #7 SMP Fri Jan 26 09:30:20 CST 2024

/usr/bin/uname -p = x86_64
/bin/uname -X     = unknown

/bin/arch              = x86_64
/usr/bin/arch -k       = unknown
/usr/convex/getsysinfo = unknown
/usr/bin/hostinfo      = unknown
/bin/machine           = unknown
/usr/bin/oslevel       = unknown
/bin/universe          = unknown

PATH: /home/ubuntu/.vscode-server/cli/servers/Stable-f1e16e1e6214d7c44d078b1f0607b2388f29d729/server/bin/remote-cli/
PATH: /home/ubuntu/.local/bin/
PATH: /usr/local/sbin/
PATH: /usr/local/bin/
PATH: /usr/sbin/
PATH: /usr/bin/
PATH: /sbin/
PATH: /bin/
PATH: /usr/games/
PATH: /usr/local/games/
PATH: /snap/bin/


## ----------- ##
## Core tests. ##
## ----------- ##

configure:2435: looking for aux files: install-sh config.guess config.sub
configure:2448:  trying ./tools/
configure:2459:   ./tools/install-sh found
configure:2477:   ./tools/config.guess found
configure:2477:   ./tools/config.sub found
configure:2815: checking for gcc
configure:2836: found /usr/bin/gcc
configure:2847: result: gcc
configure:3200: checking for C compiler version
configure:3209: gcc --version >&5
gcc (Ubuntu 9.4.0-1ubuntu1~20.04.2) 9.4.0
Copyright (C) 2019 Free Software Foundation, Inc.
This is free software; see the source for copying conditions.  There is NO
warranty; not even for MERCHANTABILITY or FITNESS FOR A PARTICULAR PURPOSE.

configure:3220: $? = 0
configure:3209: gcc -v >&5
Using built-in specs.
COLLECT_GCC=gcc
COLLECT_LTO_WRAPPER=/usr/lib/gcc/x86_64-linux-gnu/9/lto-wrapper
OFFLOAD_TARGET_NAMES=nvptx-none:hsa
OFFLOAD_TARGET_DEFAULT=1
Target: x86_64-linux-gnu
Configured with: ../src/configure -v --with-pkgversion='Ubuntu 9.4.0-1ubuntu1~20.04.2' --with-bugurl=file:///usr/share/doc/gcc-9/README.Bugs --enable-languages=c,ada,c++,go,brig,d,fortran,objc,obj-c++,gm2 --prefix=/usr --with-gcc-major-version-only --program-suffix=-9 --program-prefix=x86_64-linux-gnu- --enable-shared --enable-linker-build-id --libexecdir=/usr/lib --without-included-gettext --enable-threads=posix --libdir=/usr/lib --enable-nls --enable-clocale=gnu --enable-libstdcxx-debug --enable-libstdcxx-time=yes --with-default-libstdcxx-abi=new --enable-gnu-unique-object --disable-vtable-verify --enable-plugin --enable-default-pie --with-system-zlib --with-target-system-zlib=auto --enable-objc-gc=auto --enable-multiarch --disable-werror --with-arch-32=i686 --with-abi=m64 --with-multilib-list=m32,m64,mx32 --enable-multilib --with-tune=generic --enable-offload-targets=nvptx-none=/build/gcc-9-9QDOt0/gcc-9-9.4.0/debian/tmp-nvptx/usr,hsa --without-cuda-driver --enable-checking=release --build=x86_64-linux-gnu --host=x86_64-linux-gnu --target=x86_64-linux-gnu
Thread model: posix
gcc version 9.4.0 (Ubuntu 9.4.0-1ubuntu1~20.04.2) 
configure:3220: $? = 0
configure:3209: gcc -V >&5
gcc: error: unrecognized command line option '-V'
gcc: fatal error: no input files
compilation terminated.
configure:3220: $? = 1
configure:3209: gcc -qversion >&5
gcc: error: unrecognized command line option '-qversion'; did you mean '--version'?
gcc: fatal error: no input files
compilation terminated.
configure:3220: $? = 1
configure:3209: gcc -version >&5
gcc: error: unrecognized command line option '-version'
gcc: fatal error: no input files
compilation terminated.
configure:3220: $? = 1
configure:3240: checking whether the C compiler works
configure:3262: gcc    conftest.c  >&5
configure:3266: $? = 0
configure:3316: result: yes
configure:3319: checking for C compiler default output file name
configure:3321: result: a.out
configure:3327: checking for suffix of executables
configure:3334: gcc -o conftest    conftest.c  >&5
configure:3338: $? = 0
configure:3361: result: 
configure:3383: checking whether we are cross compiling
configure:3391: gcc -o conftest    conftest.c  >&5
configure:3395: $? = 0
configure:3402: ./conftest
configure:3406: $? = 0
configure:3394: result: no
configure:3399: checking for suffix of object files
configure:3422: gcc -c   conftest.c >&5
configure:3426: $? = 0
configure:3448: result: o
configure:3452: checking whether the compiler supports GNU C
configure:3472: gcc -c   conftest.c >&5
configure:3472: $? = 0
configure:3482: result: yes
configure:3493: checking whether gcc accepts -g
configure:3514: gcc -c -g  conftest.c >&5
configure:3514: $? = 0
configure:3558: result: yes
configure:3578: checking for gcc option to enable C11 features
configure:3593: gcc  -c -g -O2  conftest.c >&5
configure:3593: $? = 0
configure:3611: result: none needed
configure:3722: checking for library containing clock_gettime
configure:3752: gcc -o conftest -g -O2   conftest.c  >&5
configure:3752: $? = 0
configure:3772: result: none required
configure:3792: checking build system type
configure:3807: result: x86_64-pc-linux-gnu
configure:3827: checking host system type
configure:3841: result: x86_64-pc-linux-gnu
configure:3920: checking for gcc
configure:3952: result: gcc
configure:4305: checking for C compiler version
configure:4314: gcc --version >&5
gcc (Ubuntu 9.4.0-1ubuntu1~20.04.2) 9.4.0
Copyright (C) 2019 Free Software Foundation, Inc.
This is free software; see the source for copying conditions.  There is NO
warranty; not even for MERCHANTABILITY or FITNESS FOR A PARTICULAR PURPOSE.

configure:4325: $? = 0
configure:4314: gcc -v >&5
Using built-in specs.
COLLECT_GCC=gcc
COLLECT_LTO_WRAPPER=/usr/lib/gcc/x86_64-linux-gnu/9/lto-wrapper
OFFLOAD_TARGET_NAMES=nvptx-none:hsa
OFFLOAD_TARGET_DEFAULT=1
Target: x86_64-linux-gnu
Configured with: ../src/configure -v --with-pkgversion='Ubuntu 9.4.0-1ubuntu1~20.04.2' --with-bugurl=file:///usr/share/doc/gcc-9/README.Bugs --enable-languages=c,ada,c++,go,brig,d,fortran,objc,obj-c++,gm2 --prefix=/usr --with-gcc-major-version-only --program-suffix=-9 --program-prefix=x86_64-linux-gnu- --enable-shared --enable-linker-build-id --libexecdir=/usr/lib --without-included-gettext --enable-threads=posix --libdir=/usr/lib --enable-nls --enable-clocale=gnu --enable-libstdcxx-debug --enable-libstdcxx-time=yes --with-default-libstdcxx-abi=new --enable-gnu-unique-object --disable-vtable-verify --enable-plugin --enable-default-pie --with-system-zlib --with-target-system-zlib=auto --enable-objc-gc=auto --enable-multiarch --disable-werror --with-arch-32=i686 --with-abi=m64 --with-multilib-list=m32,m64,mx32 --enable-multilib --with-tune=generic --enable-offload-targets=nvptx-none=/build/gcc-9-9QDOt0/gcc-9-9.4.0/debian/tmp-nvptx/usr,hsa --without-cuda-driver --enable-checking=release --build=x86_64-linux-gnu --host=x86_64-linux-gnu --target=x86_64-linux-gnu
Thread model: posix
gcc version 9.4.0 (Ubuntu 9.4.0-1ubuntu1~20.04.2) 
configure:4325: $? = 0
configure:4314: gcc -V >&5
gcc: error: unrecognized command line option '-V'
gcc: fatal error: no input files
compilation terminated.
configure:4325: $? = 1
configure:4314: gcc -qversion >&5
gcc: error: unrecognized command line option '-qversion'; did you mean '--version'?
gcc: fatal error: no input files
compilation terminated.
configure:4325: $? = 1
configure:4314: gcc -version >&5
gcc: error: unrecognized command line option '-version'
gcc: fatal error: no input files
compilation terminated.
configure:4325: $? = 1
configure:4329: checking whether the compiler supports GNU C
configure:4359: result: yes
configure:4370: checking whether gcc accepts -g
configure:4435: result: yes
configure:4455: checking for gcc option to enable C11 features
configure:4488: result: none needed
configure:4604: checking whether _Thread_local is known
configure:4626: gcc -c -g -O2  conftest.c >&5
configure:4626: $? = 0
configure:4636: result: yes
configure:4650: checking whether POSIX threads are available
configure:4676: gcc -o conftest -g -O2 -pthread   conftest.c  >&5
conftest.c: In function 'main':
conftest.c:17:8: warning: null argument where non-null required (argument 3) [-Wnonnull]
   17 |        pthread_create(&pt, NULL, NULL, NULL);
      |        ^~~~~~~~~~~~~~
configure:4676: $? = 0
configure:4688: result: yes
configure:4718: checking whether CC supports -Wno-pointer-sign
configure:4736: gcc -c -Wall -Wno-pointer-sign  conftest.c >&5
configure:4736: $? = 0
configure:4747: result: yes
configure:4756: checking whether CC supports -Wno-missing-field-initializers
configure:4774: gcc -c -Wall -Wextra -Wno-missing-field-initializers  conftest.c >&5
configure:4774: $? = 0
configure:4785: result: yes
configure:4798: checking whether link time optimizer is available
configure:4816: gcc -o conftest -flto  -flto=4 conftest.c  >&5
configure:4816: $? = 0
configure:4828: result: yes
configure:4857: checking CFLAGS
configure:4859: result: -g -O2 -pthread -fno-strict-aliasing -fno-strict-overflow -flto -Wall -Wextra -Wstrict-prototypes -Wno-parentheses -Wno-pointer-sign -Wno-missing-field-initializers
configure:4862: checking LDFLAGS
configure:4864: result:  -pthread -flto=4 -g
configure:4872: checking how to run the C preprocessor
configure:4898: gcc -E  conftest.c
configure:4898: $? = 0
configure:4913: gcc -E  conftest.c
conftest.c:11:10: fatal error: ac_nonexistent.h: No such file or directory
   11 | #include <ac_nonexistent.h>
      |          ^~~~~~~~~~~~~~~~~~
compilation terminated.
configure:4913: $? = 1
configure: failed program was:
| /* confdefs.h */
| #define PACKAGE_NAME ""
| #define PACKAGE_TARNAME ""
| #define PACKAGE_VERSION ""
| #define PACKAGE_STRING ""
| #define PACKAGE_BUGREPORT ""
| #define PACKAGE_URL ""
| #define HAVE_THREAD_LOCAL 1
| #define USE_PTHREADS 1
| /* end confdefs.h.  */
| #include <ac_nonexistent.h>
configure:4940: result: gcc -E
configure:4954: gcc -E  conftest.c
configure:4954: $? = 0
configure:4969: gcc -E  conftest.c
conftest.c:11:10: fatal error: ac_nonexistent.h: No such file or directory
   11 | #include <ac_nonexistent.h>
      |          ^~~~~~~~~~~~~~~~~~
compilation terminated.
configure:4969: $? = 1
configure: failed program was:
| /* confdefs.h */
| #define PACKAGE_NAME ""
| #define PACKAGE_TARNAME ""
| #define PACKAGE_VERSION ""
| #define PACKAGE_STRING ""
| #define PACKAGE_BUGREPORT ""
| #define PACKAGE_URL ""
| #define HAVE_THREAD_LOCAL 1
| #define USE_PTHREADS 1
| /* end confdefs.h.  */
| #include <ac_nonexistent.h>
configure:5014: checking for a BSD-compatible install
configure:5087: result: /usr/bin/install -c
configure:5146: checking for ranlib
configure:5167: found /usr/bin/ranlib
configure:5178: result: ranlib
configure:5202: checking for flex
configure:5223: found /usr/bin/flex
configure:5234: result: flex
configure:5244: checking for bison
configure:5265: found /usr/bin/bison
configure:5276: result: bison
configure:5288: checking for gm4
configure:5323: result: no
configure:5288: checking for m4
configure:5309: found /usr/bin/m4
configure:5320: result: m4
configure:5336: checking bison version
configure:5357: result: 3.5.1
configure:5429: checking which OS configuration should we use
configure:5431: result: ./sysdep/cf/linux.h
configure:5441: checking system-dependent directories
configure:5444: result: sysdep/linux sysdep/unix 
configure:5461: checking for libssh/libssh.h
configure:5461: gcc -c -g -O2 -pthread -fno-strict-aliasing -fno-strict-overflow -flto -Wall -Wextra -Wstrict-prototypes -Wno-parentheses -Wno-pointer-sign -Wno-missing-field-initializers  conftest.c >&5
conftest.c:14:10: fatal error: libssh/libssh.h: No such file or directory
   14 | #include <libssh/libssh.h>
      |          ^~~~~~~~~~~~~~~~~
compilation terminated.
configure:5461: $? = 1
configure: failed program was:
| /* confdefs.h */
| #define PACKAGE_NAME ""
| #define PACKAGE_TARNAME ""
| #define PACKAGE_VERSION ""
| #define PACKAGE_STRING ""
| #define PACKAGE_BUGREPORT ""
| #define PACKAGE_URL ""
| #define HAVE_THREAD_LOCAL 1
| #define USE_PTHREADS 1
| #define SYSCONF_INCLUDE "./sysdep/cf/linux.h"
| /* end confdefs.h.  */
| 
| 
| #include <libssh/libssh.h>
configure:5461: result: no
configure:5470: checking for ssh_connect in -lssh
configure:5493: gcc -o conftest -g -O2 -pthread -fno-strict-aliasing -fno-strict-overflow -flto -Wall -Wextra -Wstrict-prototypes -Wno-parentheses -Wno-pointer-sign -Wno-missing-field-initializers   -pthread -flto=4 -g conftest.c -lssh   >&5
conftest.c:16:1: warning: function declaration isn't a prototype [-Wstrict-prototypes]
   16 | char ssh_connect ();
      | ^~~~
/usr/bin/ld: cannot find -lssh
collect2: error: ld returned 1 exit status
configure:5493: $? = 1
configure: failed program was:
| /* confdefs.h */
| #define PACKAGE_NAME ""
| #define PACKAGE_TARNAME ""
| #define PACKAGE_VERSION ""
| #define PACKAGE_STRING ""
| #define PACKAGE_BUGREPORT ""
| #define PACKAGE_URL ""
| #define HAVE_THREAD_LOCAL 1
| #define USE_PTHREADS 1
| #define SYSCONF_INCLUDE "./sysdep/cf/linux.h"
| /* end confdefs.h.  */
| 
| /* Override any GCC internal prototype to avoid an error.
|    Use char because int might match the return type of a GCC
|    builtin and then its argument prototype would still apply.  */
| char ssh_connect ();
| int
| main (void)
| {
| return ssh_connect ();
|   ;
|   return 0;
| }
configure:5503: result: no
configure:5530: checking for Linux MPLS headers
configure:5565: gcc -c -g -O2 -pthread -fno-strict-aliasing -fno-strict-overflow -flto -Wall -Wextra -Wstrict-prototypes -Wno-parentheses -Wno-pointer-sign -Wno-missing-field-initializers  conftest.c >&5
conftest.c: In function 'main':
conftest.c:29:21: warning: unused variable 'rtvia' [-Wunused-variable]
   29 |        struct rtvia rtvia;
      |                     ^~~~~
configure:5565: $? = 0
configure:5576: result: yes
configure:5615: checking protocols
configure:5630: result: ok
configure:5636: checking for linux/rtnetlink.h
configure:5636: gcc -c -g -O2 -pthread -fno-strict-aliasing -fno-strict-overflow -flto -Wall -Wextra -Wstrict-prototypes -Wno-parentheses -Wno-pointer-sign -Wno-missing-field-initializers  conftest.c >&5
configure:5636: $? = 0
configure:5636: result: yes
configure:5656: checking for stdio.h
configure:5656: gcc -c -g -O2 -pthread -fno-strict-aliasing -fno-strict-overflow -flto -Wall -Wextra -Wstrict-prototypes -Wno-parentheses -Wno-pointer-sign -Wno-missing-field-initializers  conftest.c >&5
configure:5656: $? = 0
configure:5656: result: yes
configure:5656: checking for stdlib.h
configure:5656: gcc -c -g -O2 -pthread -fno-strict-aliasing -fno-strict-overflow -flto -Wall -Wextra -Wstrict-prototypes -Wno-parentheses -Wno-pointer-sign -Wno-missing-field-initializers  conftest.c >&5
configure:5656: $? = 0
configure:5656: result: yes
configure:5656: checking for string.h
configure:5656: gcc -c -g -O2 -pthread -fno-strict-aliasing -fno-strict-overflow -flto -Wall -Wextra -Wstrict-prototypes -Wno-parentheses -Wno-pointer-sign -Wno-missing-field-initializers  conftest.c >&5
configure:5656: $? = 0
configure:5656: result: yes
configure:5656: checking for inttypes.h
configure:5656: gcc -c -g -O2 -pthread -fno-strict-aliasing -fno-strict-overflow -flto -Wall -Wextra -Wstrict-prototypes -Wno-parentheses -Wno-pointer-sign -Wno-missing-field-initializers  conftest.c >&5
configure:5656: $? = 0
configure:5656: result: yes
configure:5656: checking for stdint.h
configure:5656: gcc -c -g -O2 -pthread -fno-strict-aliasing -fno-strict-overflow -flto -Wall -Wextra -Wstrict-prototypes -Wno-parentheses -Wno-pointer-sign -Wno-missing-field-initializers  conftest.c >&5
configure:5656: $? = 0
configure:5656: result: yes
configure:5656: checking for strings.h
configure:5656: gcc -c -g -O2 -pthread -fno-strict-aliasing -fno-strict-overflow -flto -Wall -Wextra -Wstrict-prototypes -Wno-parentheses -Wno-pointer-sign -Wno-missing-field-initializers  conftest.c >&5
configure:5656: $? = 0
configure:5656: result: yes
configure:5656: checking for sys/stat.h
configure:5656: gcc -c -g -O2 -pthread -fno-strict-aliasing -fno-strict-overflow -flto -Wall -Wextra -Wstrict-prototypes -Wno-parentheses -Wno-pointer-sign -Wno-missing-field-initializers  conftest.c >&5
configure:5656: $? = 0
configure:5656: result: yes
configure:5656: checking for sys/types.h
configure:5656: gcc -c -g -O2 -pthread -fno-strict-aliasing -fno-strict-overflow -flto -Wall -Wextra -Wstrict-prototypes -Wno-parentheses -Wno-pointer-sign -Wno-missing-field-initializers  conftest.c >&5
configure:5656: $? = 0
configure:5656: result: yes
configure:5656: checking for unistd.h
configure:5656: gcc -c -g -O2 -pthread -fno-strict-aliasing -fno-strict-overflow -flto -Wall -Wextra -Wstrict-prototypes -Wno-parentheses -Wno-pointer-sign -Wno-missing-field-initializers  conftest.c >&5
configure:5656: $? = 0
configure:5656: result: yes
configure:5656: checking for alloca.h
configure:5656: gcc -c -g -O2 -pthread -fno-strict-aliasing -fno-strict-overflow -flto -Wall -Wextra -Wstrict-prototypes -Wno-parentheses -Wno-pointer-sign -Wno-missing-field-initializers  conftest.c >&5
configure:5656: $? = 0
configure:5656: result: yes
configure:5656: checking for syslog.h
configure:5656: gcc -c -g -O2 -pthread -fno-strict-aliasing -fno-strict-overflow -flto -Wall -Wextra -Wstrict-prototypes -Wno-parentheses -Wno-pointer-sign -Wno-missing-field-initializers  conftest.c >&5
configure:5656: $? = 0
configure:5656: result: yes
configure:5684: checking for sys/mman.h
configure:5684: gcc -c -g -O2 -pthread -fno-strict-aliasing -fno-strict-overflow -flto -Wall -Wextra -Wstrict-prototypes -Wno-parentheses -Wno-pointer-sign -Wno-missing-field-initializers  conftest.c >&5
configure:5684: $? = 0
configure:5684: result: yes
configure:5692: checking for struct sockaddr.sa_len
configure:5692: gcc -c -g -O2 -pthread -fno-strict-aliasing -fno-strict-overflow -flto -Wall -Wextra -Wstrict-prototypes -Wno-parentheses -Wno-pointer-sign -Wno-missing-field-initializers  conftest.c >&5
conftest.c: In function 'main':
conftest.c:43:12: error: 'struct sockaddr' has no member named 'sa_len'
   43 | if (ac_aggr.sa_len)
      |            ^
conftest.c:42:24: warning: variable 'ac_aggr' set but not used [-Wunused-but-set-variable]
   42 | static struct sockaddr ac_aggr;
      |                        ^~~~~~~
configure:5692: $? = 1
configure: failed program was:
| /* confdefs.h */
| #define PACKAGE_NAME ""
| #define PACKAGE_TARNAME ""
| #define PACKAGE_VERSION ""
| #define PACKAGE_STRING ""
| #define PACKAGE_BUGREPORT ""
| #define PACKAGE_URL ""
| #define HAVE_THREAD_LOCAL 1
| #define USE_PTHREADS 1
| #define SYSCONF_INCLUDE "./sysdep/cf/linux.h"
| #define HAVE_MPLS_KERNEL 1
| #define CONFIG_BFD 1
| #define CONFIG_BABEL 1
| #define CONFIG_BGP 1
| #define CONFIG_MRT 1
| #define CONFIG_OSPF 1
| #define CONFIG_PERF 1
| #define CONFIG_PIPE 1
| #define CONFIG_RADV 1
| #define CONFIG_RIP 1
| #define CONFIG_RPKI 1
| #define CONFIG_STATIC 1
| #define HAVE_STDIO_H 1
| #define HAVE_STDLIB_H 1
| #define HAVE_STRING_H 1
| #define HAVE_INTTYPES_H 1
| #define HAVE_STDINT_H 1
| #define HAVE_STRINGS_H 1
| #define HAVE_SYS_STAT_H 1
| #define HAVE_SYS_TYPES_H 1
| #define HAVE_UNISTD_H 1
| #define HAVE_ALLOCA_H 1
| #define HAVE_SYSLOG_H 1
| #define STDC_HEADERS 1
| #define HAVE_MMAP 1
| /* end confdefs.h.  */
| #include <sys/socket.h>
| 
| int
| main (void)
| {
| static struct sockaddr ac_aggr;
| if (ac_aggr.sa_len)
| return 0;
|   ;
|   return 0;
| }
configure:5692: gcc -c -g -O2 -pthread -fno-strict-aliasing -fno-strict-overflow -flto -Wall -Wextra -Wstrict-prototypes -Wno-parentheses -Wno-pointer-sign -Wno-missing-field-initializers  conftest.c >&5
conftest.c: In function 'main':
conftest.c:43:19: error: 'struct sockaddr' has no member named 'sa_len'
   43 | if (sizeof ac_aggr.sa_len)
      |                   ^
conftest.c:42:24: warning: variable 'ac_aggr' set but not used [-Wunused-but-set-variable]
   42 | static struct sockaddr ac_aggr;
      |                        ^~~~~~~
configure:5692: $? = 1
configure: failed program was:
| /* confdefs.h */
| #define PACKAGE_NAME ""
| #define PACKAGE_TARNAME ""
| #define PACKAGE_VERSION ""
| #define PACKAGE_STRING ""
| #define PACKAGE_BUGREPORT ""
| #define PACKAGE_URL ""
| #define HAVE_THREAD_LOCAL 1
| #define USE_PTHREADS 1
| #define SYSCONF_INCLUDE "./sysdep/cf/linux.h"
| #define HAVE_MPLS_KERNEL 1
| #define CONFIG_BFD 1
| #define CONFIG_BABEL 1
| #define CONFIG_BGP 1
| #define CONFIG_MRT 1
| #define CONFIG_OSPF 1
| #define CONFIG_PERF 1
| #define CONFIG_PIPE 1
| #define CONFIG_RADV 1
| #define CONFIG_RIP 1
| #define CONFIG_RPKI 1
| #define CONFIG_STATIC 1
| #define HAVE_STDIO_H 1
| #define HAVE_STDLIB_H 1
| #define HAVE_STRING_H 1
| #define HAVE_INTTYPES_H 1
| #define HAVE_STDINT_H 1
| #define HAVE_STRINGS_H 1
| #define HAVE_SYS_STAT_H 1
| #define HAVE_SYS_TYPES_H 1
| #define HAVE_UNISTD_H 1
| #define HAVE_ALLOCA_H 1
| #define HAVE_SYSLOG_H 1
| #define STDC_HEADERS 1
| #define HAVE_MMAP 1
| /* end confdefs.h.  */
| #include <sys/socket.h>
| 
| int
| main (void)
| {
| static struct sockaddr ac_aggr;
| if (sizeof ac_aggr.sa_len)
| return 0;
|   ;
|   return 0;
| }
configure:5692: result: no
configure:5703: checking whether byte ordering is bigendian
configure:5719: gcc -c -g -O2 -pthread -fno-strict-aliasing -fno-strict-overflow -flto -Wall -Wextra -Wstrict-prototypes -Wno-parentheses -Wno-pointer-sign -Wno-missing-field-initializers  conftest.c >&5
conftest.c:38:9: error: unknown type name 'not'
   38 |         not a universal capable compiler
      |         ^~~
conftest.c:38:15: error: expected '=', ',', ';', 'asm' or '__attribute__' before 'universal'
   38 |         not a universal capable compiler
      |               ^~~~~~~~~
conftest.c:38:15: error: unknown type name 'universal'
configure:5719: $? = 1
configure: failed program was:
| /* confdefs.h */
| #define PACKAGE_NAME ""
| #define PACKAGE_TARNAME ""
| #define PACKAGE_VERSION ""
| #define PACKAGE_STRING ""
| #define PACKAGE_BUGREPORT ""
| #define PACKAGE_URL ""
| #define HAVE_THREAD_LOCAL 1
| #define USE_PTHREADS 1
| #define SYSCONF_INCLUDE "./sysdep/cf/linux.h"
| #define HAVE_MPLS_KERNEL 1
| #define CONFIG_BFD 1
| #define CONFIG_BABEL 1
| #define CONFIG_BGP 1
| #define CONFIG_MRT 1
| #define CONFIG_OSPF 1
| #define CONFIG_PERF 1
| #define CONFIG_PIPE 1
| #define CONFIG_RADV 1
| #define CONFIG_RIP 1
| #define CONFIG_RPKI 1
| #define CONFIG_STATIC 1
| #define HAVE_STDIO_H 1
| #define HAVE_STDLIB_H 1
| #define HAVE_STRING_H 1
| #define HAVE_INTTYPES_H 1
| #define HAVE_STDINT_H 1
| #define HAVE_STRINGS_H 1
| #define HAVE_SYS_STAT_H 1
| #define HAVE_SYS_TYPES_H 1
| #define HAVE_UNISTD_H 1
| #define HAVE_ALLOCA_H 1
| #define HAVE_SYSLOG_H 1
| #define STDC_HEADERS 1
| #define HAVE_MMAP 1
| /* end confdefs.h.  */
| #ifndef __APPLE_CC__
| 	       not a universal capable compiler
| 	     #endif
| 	     typedef int dummy;
| 
configure:5765: gcc -c -g -O2 -pthread -fno-strict-aliasing -fno-strict-overflow -flto -Wall -Wextra -Wstrict-prototypes -Wno-parentheses -Wno-pointer-sign -Wno-missing-field-initializers  conftest.c >&5
configure:5765: $? = 0
configure:5784: gcc -c -g -O2 -pthread -fno-strict-aliasing -fno-strict-overflow -flto -Wall -Wextra -Wstrict-prototypes -Wno-parentheses -Wno-pointer-sign -Wno-missing-field-initializers  conftest.c >&5
conftest.c: In function 'main':
conftest.c:44:4: error: unknown type name 'not'; did you mean 'ino_t'?
   44 |    not big endian
      |    ^~~
      |    ino_t
conftest.c:44:12: error: expected '=', ',', ';', 'asm' or '__attribute__' before 'endian'
   44 |    not big endian
      |            ^~~~~~
configure:5784: $? = 1
configure: failed program was:
| /* confdefs.h */
| #define PACKAGE_NAME ""
| #define PACKAGE_TARNAME ""
| #define PACKAGE_VERSION ""
| #define PACKAGE_STRING ""
| #define PACKAGE_BUGREPORT ""
| #define PACKAGE_URL ""
| #define HAVE_THREAD_LOCAL 1
| #define USE_PTHREADS 1
| #define SYSCONF_INCLUDE "./sysdep/cf/linux.h"
| #define HAVE_MPLS_KERNEL 1
| #define CONFIG_BFD 1
| #define CONFIG_BABEL 1
| #define CONFIG_BGP 1
| #define CONFIG_MRT 1
| #define CONFIG_OSPF 1
| #define CONFIG_PERF 1
| #define CONFIG_PIPE 1
| #define CONFIG_RADV 1
| #define CONFIG_RIP 1
| #define CONFIG_RPKI 1
| #define CONFIG_STATIC 1
| #define HAVE_STDIO_H 1
| #define HAVE_STDLIB_H 1
| #define HAVE_STRING_H 1
| #define HAVE_INTTYPES_H 1
| #define HAVE_STDINT_H 1
| #define HAVE_STRINGS_H 1
| #define HAVE_SYS_STAT_H 1
| #define HAVE_SYS_TYPES_H 1
| #define HAVE_UNISTD_H 1
| #define HAVE_ALLOCA_H 1
| #define HAVE_SYSLOG_H 1
| #define STDC_HEADERS 1
| #define HAVE_MMAP 1
| /* end confdefs.h.  */
| #include <sys/types.h>
| 		#include <sys/param.h>
| 
| int
| main (void)
| {
| #if BYTE_ORDER != BIG_ENDIAN
| 		 not big endian
| 		#endif
| 
|   ;
|   return 0;
| }
configure:5918: result: no
configure:5941: checking for glob.h
configure:5964: gcc -o conftest -g -O2 -pthread -fno-strict-aliasing -fno-strict-overflow -flto -Wall -Wextra -Wstrict-prototypes -Wno-parentheses -Wno-pointer-sign -Wno-missing-field-initializers   -pthread -flto=4 -g conftest.c  >&5
configure:5964: $? = 0
configure:6005: result: yes
configure:6015: checking for syslog lib flags
configure:6035: gcc -o conftest -g -O2 -pthread -fno-strict-aliasing -fno-strict-overflow -flto -Wall -Wextra -Wstrict-prototypes -Wno-parentheses -Wno-pointer-sign -Wno-missing-field-initializers   -pthread -flto=4 -g conftest.c  >&5
conftest.c: In function 'main':
conftest.c:43:12: warning: zero-length gnu_printf format string [-Wformat-zero-length]
   43 |  syslog(0, "");
      |            ^~
configure:6035: $? = 0
configure:6073: result: yes
configure:6082: checking for getrandom
configure:6082: gcc -o conftest -g -O2 -pthread -fno-strict-aliasing -fno-strict-overflow -flto -Wall -Wextra -Wstrict-prototypes -Wno-parentheses -Wno-pointer-sign -Wno-missing-field-initializers   -pthread -flto=4 -g conftest.c  >&5
conftest.c:54:1: warning: function declaration isn't a prototype [-Wstrict-prototypes]
   54 | char getrandom ();
      | ^~~~
configure:6082: $? = 0
configure:6082: result: yes
configure:6089: checking for getentropy
configure:6089: gcc -o conftest -g -O2 -pthread -fno-strict-aliasing -fno-strict-overflow -flto -Wall -Wextra -Wstrict-prototypes -Wno-parentheses -Wno-pointer-sign -Wno-missing-field-initializers   -pthread -flto=4 -g conftest.c  >&5
conftest.c:55:1: warning: function declaration isn't a prototype [-Wstrict-prototypes]
   55 | char getentropy ();
      | ^~~~
configure:6089: $? = 0
configure:6089: result: yes
configure:6335: checking for curses.h
configure:6335: gcc -c -g -O2 -pthread -fno-strict-aliasing -fno-strict-overflow -flto -Wall -Wextra -Wstrict-prototypes -Wno-parentheses -Wno-pointer-sign -Wno-missing-field-initializers  conftest.c >&5
configure:6335: $? = 0
configure:6335: result: yes
configure:6348: checking for library containing tgetent
configure:6378: gcc -o conftest -g -O2 -pthread -fno-strict-aliasing -fno-strict-overflow -flto -Wall -Wextra -Wstrict-prototypes -Wno-parentheses -Wno-pointer-sign -Wno-missing-field-initializers   -pthread -flto=4 -g conftest.c  >&5
conftest.c:45:1: warning: function declaration isn't a prototype [-Wstrict-prototypes]
   45 | char tgetent ();
      | ^~~~
/usr/bin/ld: /tmp/conftest.ck46Ox.ltrans0.ltrans.o: in function `main':
/home/ubuntu/linux-app-layers/bird-2.13.1/conftest.c:49: undefined reference to `tgetent'
collect2: error: ld returned 1 exit status
configure:6378: $? = 1
configure: failed program was:
| /* confdefs.h */
| #define PACKAGE_NAME ""
| #define PACKAGE_TARNAME ""
| #define PACKAGE_VERSION ""
| #define PACKAGE_STRING ""
| #define PACKAGE_BUGREPORT ""
| #define PACKAGE_URL ""
| #define HAVE_THREAD_LOCAL 1
| #define USE_PTHREADS 1
| #define SYSCONF_INCLUDE "./sysdep/cf/linux.h"
| #define HAVE_MPLS_KERNEL 1
| #define CONFIG_BFD 1
| #define CONFIG_BABEL 1
| #define CONFIG_BGP 1
| #define CONFIG_MRT 1
| #define CONFIG_OSPF 1
| #define CONFIG_PERF 1
| #define CONFIG_PIPE 1
| #define CONFIG_RADV 1
| #define CONFIG_RIP 1
| #define CONFIG_RPKI 1
| #define CONFIG_STATIC 1
| #define HAVE_STDIO_H 1
| #define HAVE_STDLIB_H 1
| #define HAVE_STRING_H 1
| #define HAVE_INTTYPES_H 1
| #define HAVE_STDINT_H 1
| #define HAVE_STRINGS_H 1
| #define HAVE_SYS_STAT_H 1
| #define HAVE_SYS_TYPES_H 1
| #define HAVE_UNISTD_H 1
| #define HAVE_ALLOCA_H 1
| #define HAVE_SYSLOG_H 1
| #define STDC_HEADERS 1
| #define HAVE_MMAP 1
| #define CPU_LITTLE_ENDIAN 1
| #define HAVE_GETRANDOM 1
| #define HAVE_GETENTROPY 1
| #define HAVE_CURSES_H 1
| /* end confdefs.h.  */
| 
| /* Override any GCC internal prototype to avoid an error.
|    Use char because int might match the return type of a GCC
|    builtin and then its argument prototype would still apply.  */
| char tgetent ();
| int
| main (void)
| {
| return tgetent ();
|   ;
|   return 0;
| }
configure:6378: gcc -o conftest -g -O2 -pthread -fno-strict-aliasing -fno-strict-overflow -flto -Wall -Wextra -Wstrict-prototypes -Wno-parentheses -Wno-pointer-sign -Wno-missing-field-initializers   -pthread -flto=4 -g conftest.c -ltinfo   >&5
conftest.c:45:1: warning: function declaration isn't a prototype [-Wstrict-prototypes]
   45 | char tgetent ();
      | ^~~~
configure:6378: $? = 0
configure:6398: result: -ltinfo
configure:6413: checking for readline/readline.h
configure:6413: gcc -c -g -O2 -pthread -fno-strict-aliasing -fno-strict-overflow -flto -Wall -Wextra -Wstrict-prototypes -Wno-parentheses -Wno-pointer-sign -Wno-missing-field-initializers  conftest.c >&5
configure:6413: $? = 0
configure:6413: result: yes
configure:6413: checking for readline/history.h
configure:6413: gcc -c -g -O2 -pthread -fno-strict-aliasing -fno-strict-overflow -flto -Wall -Wextra -Wstrict-prototypes -Wno-parentheses -Wno-pointer-sign -Wno-missing-field-initializers  conftest.c >&5
configure:6413: $? = 0
configure:6413: result: yes
configure:6428: checking for library containing rl_callback_read_char
configure:6459: gcc -o conftest -g -O2 -pthread -fno-strict-aliasing -fno-strict-overflow -flto -Wall -Wextra -Wstrict-prototypes -Wno-parentheses -Wno-pointer-sign -Wno-missing-field-initializers   -pthread -flto=4 -g conftest.c  >&5
conftest.c:47:1: warning: function declaration isn't a prototype [-Wstrict-prototypes]
   47 | char rl_callback_read_char ();
      | ^~~~
/usr/bin/ld: /tmp/conftest.j62bJv.ltrans0.ltrans.o: in function `main':
/home/ubuntu/linux-app-layers/bird-2.13.1/conftest.c:51: undefined reference to `rl_callback_read_char'
collect2: error: ld returned 1 exit status
configure:6459: $? = 1
configure: failed program was:
| /* confdefs.h */
| #define PACKAGE_NAME ""
| #define PACKAGE_TARNAME ""
| #define PACKAGE_VERSION ""
| #define PACKAGE_STRING ""
| #define PACKAGE_BUGREPORT ""
| #define PACKAGE_URL ""
| #define HAVE_THREAD_LOCAL 1
| #define USE_PTHREADS 1
| #define SYSCONF_INCLUDE "./sysdep/cf/linux.h"
| #define HAVE_MPLS_KERNEL 1
| #define CONFIG_BFD 1
| #define CONFIG_BABEL 1
| #define CONFIG_BGP 1
| #define CONFIG_MRT 1
| #define CONFIG_OSPF 1
| #define CONFIG_PERF 1
| #define CONFIG_PIPE 1
| #define CONFIG_RADV 1
| #define CONFIG_RIP 1
| #define CONFIG_RPKI 1
| #define CONFIG_STATIC 1
| #define HAVE_STDIO_H 1
| #define HAVE_STDLIB_H 1
| #define HAVE_STRING_H 1
| #define HAVE_INTTYPES_H 1
| #define HAVE_STDINT_H 1
| #define HAVE_STRINGS_H 1
| #define HAVE_SYS_STAT_H 1
| #define HAVE_SYS_TYPES_H 1
| #define HAVE_UNISTD_H 1
| #define HAVE_ALLOCA_H 1
| #define HAVE_SYSLOG_H 1
| #define STDC_HEADERS 1
| #define HAVE_MMAP 1
| #define CPU_LITTLE_ENDIAN 1
| #define HAVE_GETRANDOM 1
| #define HAVE_GETENTROPY 1
| #define HAVE_CURSES_H 1
| #define HAVE_READLINE_READLINE_H 1
| #define HAVE_READLINE_HISTORY_H 1
| /* end confdefs.h.  */
| 
| /* Override any GCC internal prototype to avoid an error.
|    Use char because int might match the return type of a GCC
|    builtin and then its argument prototype would still apply.  */
| char rl_callback_read_char ();
| int
| main (void)
| {
| return rl_callback_read_char ();
|   ;
|   return 0;
| }
configure:6459: gcc -o conftest -g -O2 -pthread -fno-strict-aliasing -fno-strict-overflow -flto -Wall -Wextra -Wstrict-prototypes -Wno-parentheses -Wno-pointer-sign -Wno-missing-field-initializers   -pthread -flto=4 -g conftest.c -lreadline -ltinfo 
    >&5
conftest.c:47:1: warning: function declaration isn't a prototype [-Wstrict-prototypes]
   47 | char rl_callback_read_char ();
      | ^~~~
configure:6459: $? = 0
configure:6479: result: -lreadline
configure:6491: checking for rl_crlf in -lreadline
configure:6515: gcc -o conftest -g -O2 -pthread -fno-strict-aliasing -fno-strict-overflow -flto -Wall -Wextra -Wstrict-prototypes -Wno-parentheses -Wno-pointer-sign -Wno-missing-field-initializers   -pthread -flto=4 -g conftest.c -lreadline -ltinfo 
    >&5
conftest.c:47:1: warning: function declaration isn't a prototype [-Wstrict-prototypes]
   47 | char rl_crlf ();
      | ^~~~
configure:6515: $? = 0
configure:6525: result: yes
configure:6535: checking for rl_ding in -lreadline
configure:6559: gcc -o conftest -g -O2 -pthread -fno-strict-aliasing -fno-strict-overflow -flto -Wall -Wextra -Wstrict-prototypes -Wno-parentheses -Wno-pointer-sign -Wno-missing-field-initializers   -pthread -flto=4 -g conftest.c -lreadline -ltinfo 
    >&5
conftest.c:48:1: warning: function declaration isn't a prototype [-Wstrict-prototypes]
   48 | char rl_ding ();
      | ^~~~
configure:6559: $? = 0
configure:6569: result: yes
configure:6697: creating ./config.status

## ---------------------- ##
## Running config.status. ##
## ---------------------- ##

This file was extended by config.status, which was
generated by GNU Autoconf 2.71.  Invocation command line was

  CONFIG_FILES    = 
  CONFIG_HEADERS  = 
  CONFIG_LINKS    = 
  CONFIG_COMMANDS = 
  $ ./config.status 

on ipswen-testbed-node-001

config.status:841: creating Makefile
config.status:841: creating obj/sysdep/autoconf.h
configure:7857: result: 
configure:7859: result: BIRD was configured with the following options:
configure:7861: result:         Source directory:	.
configure:7863: result:         Object directory:	obj
configure:7865: result:         Iproute2 directory:	/etc/iproute2
configure:7867: result:         System configuration:	./sysdep/cf/linux.h
configure:7869: result:         Debugging:		no
configure:7871: result:         Compact tries:		no
configure:7873: result:         POSIX threads:		yes
configure:7875: result:         Routing protocols:	bfd babel bgp mrt ospf perf pipe radv rip rpki static
configure:7877: result:         LibSSH support in RPKI:	no
configure:7879: result:         Kernel MPLS support:	yes
configure:7881: result:         Client:			yes

## ---------------- ##
## Cache variables. ##
## ---------------- ##

ac_cv_build=x86_64-pc-linux-gnu
ac_cv_c_bigendian=no
ac_cv_c_compiler_gnu=yes
ac_cv_env_BISON_set=
ac_cv_env_BISON_value=
ac_cv_env_CC_set=
ac_cv_env_CC_value=
ac_cv_env_CFLAGS_set=
ac_cv_env_CFLAGS_value=
ac_cv_env_CPPFLAGS_set=
ac_cv_env_CPPFLAGS_value=
ac_cv_env_CPP_set=
ac_cv_env_CPP_value=
ac_cv_env_FLEX_set=
ac_cv_env_FLEX_value=
ac_cv_env_LDFLAGS_set=
ac_cv_env_LDFLAGS_value=
ac_cv_env_LIBS_set=
ac_cv_env_LIBS_value=
ac_cv_env_M4_set=
ac_cv_env_M4_value=
ac_cv_env_build_alias_set=
ac_cv_env_build_alias_value=
ac_cv_env_host_alias_set=
ac_cv_env_host_alias_value=
ac_cv_env_target_alias_set=
ac_cv_env_target_alias_value=
ac_cv_func_getentropy=yes
ac_cv_func_getrandom=yes
ac_cv_header_alloca_h=yes
ac_cv_header_curses_h=yes
ac_cv_header_inttypes_h=yes
ac_cv_header_libssh_libssh_h=no
ac_cv_header_linux_rtnetlink_h=yes
ac_cv_header_readline_history_h=yes
ac_cv_header_readline_readline_h=yes
ac_cv_header_stdint_h=yes
ac_cv_header_stdio_h=yes
ac_cv_header_stdlib_h=yes
ac_cv_header_string_h=yes
ac_cv_header_strings_h=yes
ac_cv_header_sys_mman_h=yes
ac_cv_header_sys_stat_h=yes
ac_cv_header_sys_types_h=yes
ac_cv_header_syslog_h=yes
ac_cv_header_unistd_h=yes
ac_cv_host=x86_64-pc-linux-gnu
ac_cv_lib_readline_rl_crlf=yes
ac_cv_lib_readline_rl_ding=yes
ac_cv_lib_ssh_ssh_connect=no
ac_cv_member_struct_sockaddr_sa_len=no
ac_cv_objext=o
ac_cv_path_install='/usr/bin/install -c'
ac_cv_prog_BISON=bison
ac_cv_prog_CPP='gcc -E'
ac_cv_prog_FLEX=flex
ac_cv_prog_M4=m4
ac_cv_prog_ac_ct_CC=gcc
ac_cv_prog_ac_ct_RANLIB=ranlib
ac_cv_prog_cc_c11=
ac_cv_prog_cc_g=yes
ac_cv_prog_cc_stdc=
ac_cv_search_clock_gettime='none required'
ac_cv_search_rl_callback_read_char=-lreadline
ac_cv_search_tgetent=-ltinfo
bird_cv_c_lto=yes
bird_cv_c_option_wno_missing_init=yes
bird_cv_c_option_wno_pointer_sign=yes
bird_cv_lib_glob=yes
bird_cv_lib_log=yes
bird_cv_lib_pthreads=yes
bird_cv_mpls_kernel=yes
bird_cv_thread_local=yes

## ----------------- ##
## Output variables. ##
## ----------------- ##

BISON='bison'
BISONFLAGS=' -Dparse.lac=full -Dparse.error=verbose'
CC='gcc'
CFLAGS='-g -O2 -pthread -fno-strict-aliasing -fno-strict-overflow -flto -Wall -Wextra -Wstrict-prototypes -Wno-parentheses -Wno-pointer-sign -Wno-missing-field-initializers'
CLIENT='birdcl birdc'
CLIENT_LIBS='-lreadline  -ltinfo '
CONFIG_FILE='$(sysconfdir)/bird.conf'
CONTROL_SOCKET='$(runstatedir)/bird.ctl'
CPP='gcc -E'
CPPFLAGS=''
DAEMON_LIBS=''
DEFS='-DHAVE_CONFIG_H'
ECHO_C=''
ECHO_N='-n'
ECHO_T=''
EXEEXT=''
FLEX='flex'
INSTALL_DATA='${INSTALL} -m 644'
INSTALL_PROGRAM='${INSTALL}'
INSTALL_SCRIPT='${INSTALL}'
LDFLAGS=' -pthread -flto=4 -g'
LIBOBJS=''
LIBS=''
LTLIBOBJS=''
M4='m4'
M4FLAGS=' -s'
OBJEXT='o'
PACKAGE_BUGREPORT=''
PACKAGE_NAME=''
PACKAGE_STRING=''
PACKAGE_TARNAME=''
PACKAGE_URL=''
PACKAGE_VERSION=''
PATH_SEPARATOR=':'
RANLIB='ranlib'
SHELL='/bin/bash'
ac_ct_CC='gcc'
bindir='${exec_prefix}/bin'
build='x86_64-pc-linux-gnu'
build_alias=''
build_cpu='x86_64'
build_os='linux-gnu'
build_vendor='pc'
datadir='${datarootdir}'
datarootdir='${prefix}/share'
docdir='${datarootdir}/doc/${PACKAGE}'
dvidir='${docdir}'
exec_prefix='${prefix}'
exedir='.'
host='x86_64-pc-linux-gnu'
host_alias=''
host_cpu='x86_64'
host_os='linux-gnu'
host_vendor='pc'
htmldir='${docdir}'
includedir='${prefix}/include'
infodir='${datarootdir}/info'
iproutedir='/etc/iproute2'
libdir='${exec_prefix}/lib'
libexecdir='${exec_prefix}/libexec'
localedir='${datarootdir}/locale'
localstatedir='${prefix}/var'
mandir='${datarootdir}/man'
objdir='obj'
oldincludedir='/usr/include'
pdfdir='${docdir}'
prefix='/usr/local'
program_transform_name='s,x,x,'
protocols='bfd babel bgp mrt ospf perf pipe radv rip rpki static'
psdir='${docdir}'
runstatedir='${localstatedir}/run'
sbindir='${exec_prefix}/sbin'
sharedstatedir='${prefix}/com'
srcdir='.'
sysconfdir='${prefix}/etc'
sysdep_dirs='sysdep/linux sysdep/unix '
target_alias=''

## ----------- ##
## confdefs.h. ##
## ----------- ##

/* confdefs.h */
#define PACKAGE_NAME ""
#define PACKAGE_TARNAME ""
#define PACKAGE_VERSION ""
#define PACKAGE_STRING ""
#define PACKAGE_BUGREPORT ""
#define PACKAGE_URL ""
#define HAVE_THREAD_LOCAL 1
#define USE_PTHREADS 1
#define SYSCONF_INCLUDE "./sysdep/cf/linux.h"
#define HAVE_MPLS_KERNEL 1
#define CONFIG_BFD 1
#define CONFIG_BABEL 1
#define CONFIG_BGP 1
#define CONFIG_MRT 1
#define CONFIG_OSPF 1
#define CONFIG_PERF 1
#define CONFIG_PIPE 1
#define CONFIG_RADV 1
#define CONFIG_RIP 1
#define CONFIG_RPKI 1
#define CONFIG_STATIC 1
#define HAVE_STDIO_H 1
#define HAVE_STDLIB_H 1
#define HAVE_STRING_H 1
#define HAVE_INTTYPES_H 1
#define HAVE_STDINT_H 1
#define HAVE_STRINGS_H 1
#define HAVE_SYS_STAT_H 1
#define HAVE_SYS_TYPES_H 1
#define HAVE_UNISTD_H 1
#define HAVE_ALLOCA_H 1
#define HAVE_SYSLOG_H 1
#define STDC_HEADERS 1
#define HAVE_MMAP 1
#define CPU_LITTLE_ENDIAN 1
#define HAVE_GETRANDOM 1
#define HAVE_GETENTROPY 1
#define HAVE_CURSES_H 1
#define HAVE_READLINE_READLINE_H 1
#define HAVE_READLINE_HISTORY_H 1
#define HAVE_RL_CRLF 1
#define HAVE_RL_DING 1

configure: exit 0
