This file contains any messages produced by compilers while
running configure, to aid debugging if configure makes a mistake.

It was created by libparsebgp configure 1.0.0, which was
generated by GNU Autoconf 2.69.  Invocation command line was

  $ ./configure --disable-option-checking --prefix=/usr/local --cache-file=/dev/null --srcdir=.

## --------- ##
## Platform. ##
## --------- ##

hostname = ipswen-testbed-node-001
uname -m = x86_64
uname -r = 5.4.0-ipswen-v1-20240124
uname -s = Linux
uname -v = #7 SMP Fri Jan 26 09:30:20 CST 2024

/usr/bin/uname -p = x86_64
/bin/uname -X     = unknown

/bin/arch              = x86_64
/usr/bin/arch -k       = unknown
/usr/convex/getsysinfo = unknown
/usr/bin/hostinfo      = unknown
/bin/machine           = unknown
/usr/bin/oslevel       = unknown
/bin/universe          = unknown

PATH: /home/ubuntu/.vscode-server/bin/019f4d1419fbc8219a181fab7892ebccf7ee29a2/bin/remote-cli
PATH: /home/ubuntu/.local/bin
PATH: /usr/local/sbin
PATH: /usr/local/bin
PATH: /usr/sbin
PATH: /usr/bin
PATH: /sbin
PATH: /bin
PATH: /usr/games
PATH: /usr/local/games
PATH: /snap/bin


## ----------- ##
## Core tests. ##
## ----------- ##

configure:2209: checking build system type
configure:2223: result: x86_64-pc-linux-gnu
configure:2243: checking host system type
configure:2256: result: x86_64-pc-linux-gnu
configure:2297: checking how to print strings
configure:2324: result: printf
configure:2396: checking for gcc
configure:2412: found /usr/bin/gcc
configure:2423: result: gcc
configure:2652: checking for C compiler version
configure:2661: gcc --version >&5
gcc (Ubuntu 9.4.0-1ubuntu1~20.04.2) 9.4.0
Copyright (C) 2019 Free Software Foundation, Inc.
This is free software; see the source for copying conditions.  There is NO
warranty; not even for MERCHANTABILITY or FITNESS FOR A PARTICULAR PURPOSE.

configure:2672: $? = 0
configure:2661: gcc -v >&5
Using built-in specs.
COLLECT_GCC=gcc
COLLECT_LTO_WRAPPER=/usr/lib/gcc/x86_64-linux-gnu/9/lto-wrapper
OFFLOAD_TARGET_NAMES=nvptx-none:hsa
OFFLOAD_TARGET_DEFAULT=1
Target: x86_64-linux-gnu
Configured with: ../src/configure -v --with-pkgversion='Ubuntu 9.4.0-1ubuntu1~20.04.2' --with-bugurl=file:///usr/share/doc/gcc-9/README.Bugs --enable-languages=c,ada,c++,go,brig,d,fortran,objc,obj-c++,gm2 --prefix=/usr --with-gcc-major-version-only --program-suffix=-9 --program-prefix=x86_64-linux-gnu- --enable-shared --enable-linker-build-id --libexecdir=/usr/lib --without-included-gettext --enable-threads=posix --libdir=/usr/lib --enable-nls --enable-clocale=gnu --enable-libstdcxx-debug --enable-libstdcxx-time=yes --with-default-libstdcxx-abi=new --enable-gnu-unique-object --disable-vtable-verify --enable-plugin --enable-default-pie --with-system-zlib --with-target-system-zlib=auto --enable-objc-gc=auto --enable-multiarch --disable-werror --with-arch-32=i686 --with-abi=m64 --with-multilib-list=m32,m64,mx32 --enable-multilib --with-tune=generic --enable-offload-targets=nvptx-none=/build/gcc-9-9QDOt0/gcc-9-9.4.0/debian/tmp-nvptx/usr,hsa --without-cuda-driver --enable-checking=release --build=x86_64-linux-gnu --host=x86_64-linux-gnu --target=x86_64-linux-gnu
Thread model: posix
gcc version 9.4.0 (Ubuntu 9.4.0-1ubuntu1~20.04.2) 
configure:2672: $? = 0
configure:2661: gcc -V >&5
gcc: error: unrecognized command line option '-V'
gcc: fatal error: no input files
compilation terminated.
configure:2672: $? = 1
configure:2661: gcc -qversion >&5
gcc: error: unrecognized command line option '-qversion'; did you mean '--version'?
gcc: fatal error: no input files
compilation terminated.
configure:2672: $? = 1
configure:2692: checking whether the C compiler works
configure:2714: gcc    conftest.c  >&5
configure:2718: $? = 0
configure:2766: result: yes
configure:2769: checking for C compiler default output file name
configure:2771: result: a.out
configure:2777: checking for suffix of executables
configure:2784: gcc -o conftest    conftest.c  >&5
configure:2788: $? = 0
configure:2810: result: 
configure:2832: checking whether we are cross compiling
configure:2840: gcc -o conftest    conftest.c  >&5
configure:2844: $? = 0
configure:2851: ./conftest
configure:2855: $? = 0
configure:2843: result: no
configure:2848: checking for suffix of object files
configure:2870: gcc -c   conftest.c >&5
configure:2874: $? = 0
configure:2895: result: o
configure:2899: checking whether we are using the GNU C compiler
configure:2918: gcc -c   conftest.c >&5
configure:2918: $? = 0
configure:2927: result: yes
configure:2936: checking whether gcc accepts -g
configure:2956: gcc -c -g  conftest.c >&5
configure:2956: $? = 0
configure:2997: result: yes
configure:3014: checking for gcc option to accept ISO C89
configure:3077: gcc  -c -g -O2  conftest.c >&5
configure:3077: $? = 0
configure:3090: result: none needed
configure:3115: checking whether gcc understands -c and -o together
configure:3137: gcc -c conftest.c -o conftest2.o
configure:3140: $? = 0
configure:3137: gcc -c conftest.c -o conftest2.o
configure:3140: $? = 0
configure:3152: result: yes
configure:3169: checking for a sed that does not truncate output
configure:3233: result: /usr/bin/sed
configure:3251: checking for grep that handles long lines and -e
configure:3309: result: /usr/bin/grep
configure:3314: checking for egrep
configure:3376: result: /usr/bin/grep -E
configure:3381: checking for fgrep
configure:3443: result: /usr/bin/grep -F
configure:3478: checking for ld used by gcc
configure:3545: result: /usr/bin/ld
configure:3552: checking if the linker (/usr/bin/ld) is GNU ld
configure:3567: result: yes
configure:3579: checking for BSD- or MS-compatible name lister (nm)
configure:3633: result: /usr/bin/nm -B
configure:3763: checking the name lister (/usr/bin/nm -B) interface
configure:3770: gcc -c -g -O2  conftest.c >&5
configure:3773: /usr/bin/nm -B "conftest.o"
configure:3776: output
0000000000000000 B some_variable
configure:3777: result: BSD nm
configure:3780: checking whether ln -s works
configure:3784: result: yes
configure:3792: checking the maximum length of command line arguments
configure:3923: result: 1572864
configure:3971: checking how to convert x86_64-pc-linux-gnu file names to x86_64-pc-linux-gnu format
configure:4011: result: func_convert_file_noop
configure:4018: checking how to convert x86_64-pc-linux-gnu file names to toolchain format
configure:4038: result: func_convert_file_noop
configure:4045: checking for /usr/bin/ld option to reload object files
configure:4052: result: -r
configure:4126: checking for objdump
configure:4142: found /usr/bin/objdump
configure:4153: result: objdump
configure:4185: checking how to recognize dependent libraries
configure:4385: result: pass_all
configure:4470: checking for dlltool
configure:4500: result: no
configure:4530: checking how to associate runtime and link libraries
configure:4557: result: printf %s\n
configure:4618: checking for ar
configure:4634: found /usr/bin/ar
configure:4645: result: ar
configure:4682: checking for archiver @FILE support
configure:4699: gcc -c -g -O2  conftest.c >&5
configure:4699: $? = 0
configure:4702: ar cr libconftest.a @conftest.lst >&5
configure:4705: $? = 0
configure:4710: ar cr libconftest.a @conftest.lst >&5
ar: conftest.o: No such file or directory
configure:4713: $? = 1
configure:4712: result: @
configure:4770: checking for strip
configure:4786: found /usr/bin/strip
configure:4797: result: strip
configure:4869: checking for ranlib
configure:4885: found /usr/bin/ranlib
configure:4896: result: ranlib
configure:4973: checking for gawk
configure:4989: found /usr/bin/gawk
configure:5000: result: gawk
configure:5040: checking command to parse /usr/bin/nm -B output from gcc object
configure:5193: gcc -c -g -O2  conftest.c >&5
configure:5196: $? = 0
configure:5200: /usr/bin/nm -B conftest.o | sed -n -e 's/^.*[	 ]\([ABCDGIRSTW][ABCDGIRSTW]*\)[	 ][	 ]*\([_A-Za-z][_A-Za-z0-9]*\)$/\1 \2 \2/p' | sed '/ __gnu_lto/d' > conftest.nm
configure:5266: gcc -o conftest -g -O2   conftest.c conftstm.o >&5
configure:5269: $? = 0
configure:5307: result: ok
configure:5354: checking for sysroot
configure:5384: result: no
configure:5391: checking for a working dd
configure:5429: result: /usr/bin/dd
configure:5433: checking how to truncate binary pipes
configure:5448: result: /usr/bin/dd bs=4096 count=1
configure:5584: gcc -c -g -O2  conftest.c >&5
configure:5587: $? = 0
configure:5777: checking for mt
configure:5793: found /usr/bin/mt
configure:5804: result: mt
configure:5827: checking if mt is a manifest tool
configure:5833: mt '-?'
configure:5841: result: no
configure:6518: checking how to run the C preprocessor
configure:6549: gcc -E  conftest.c
configure:6549: $? = 0
configure:6563: gcc -E  conftest.c
conftest.c:9:10: fatal error: ac_nonexistent.h: No such file or directory
    9 | #include <ac_nonexistent.h>
      |          ^~~~~~~~~~~~~~~~~~
compilation terminated.
configure:6563: $? = 1
configure: failed program was:
| /* confdefs.h */
| #define PACKAGE_NAME "libparsebgp"
| #define PACKAGE_TARNAME "libparsebgp"
| #define PACKAGE_VERSION "1.0.0"
| #define PACKAGE_STRING "libparsebgp 1.0.0"
| #define PACKAGE_BUGREPORT "bgpstream-info@caida.org"
| #define PACKAGE_URL ""
| /* end confdefs.h.  */
| #include <ac_nonexistent.h>
configure:6588: result: gcc -E
configure:6608: gcc -E  conftest.c
configure:6608: $? = 0
configure:6622: gcc -E  conftest.c
conftest.c:9:10: fatal error: ac_nonexistent.h: No such file or directory
    9 | #include <ac_nonexistent.h>
      |          ^~~~~~~~~~~~~~~~~~
compilation terminated.
configure:6622: $? = 1
configure: failed program was:
| /* confdefs.h */
| #define PACKAGE_NAME "libparsebgp"
| #define PACKAGE_TARNAME "libparsebgp"
| #define PACKAGE_VERSION "1.0.0"
| #define PACKAGE_STRING "libparsebgp 1.0.0"
| #define PACKAGE_BUGREPORT "bgpstream-info@caida.org"
| #define PACKAGE_URL ""
| /* end confdefs.h.  */
| #include <ac_nonexistent.h>
configure:6651: checking for ANSI C header files
configure:6671: gcc -c -g -O2  conftest.c >&5
configure:6671: $? = 0
configure:6744: gcc -o conftest -g -O2   conftest.c  >&5
configure:6744: $? = 0
configure:6744: ./conftest
configure:6744: $? = 0
configure:6755: result: yes
configure:6768: checking for sys/types.h
configure:6768: gcc -c -g -O2  conftest.c >&5
configure:6768: $? = 0
configure:6768: result: yes
configure:6768: checking for sys/stat.h
configure:6768: gcc -c -g -O2  conftest.c >&5
configure:6768: $? = 0
configure:6768: result: yes
configure:6768: checking for stdlib.h
configure:6768: gcc -c -g -O2  conftest.c >&5
configure:6768: $? = 0
configure:6768: result: yes
configure:6768: checking for string.h
configure:6768: gcc -c -g -O2  conftest.c >&5
configure:6768: $? = 0
configure:6768: result: yes
configure:6768: checking for memory.h
configure:6768: gcc -c -g -O2  conftest.c >&5
configure:6768: $? = 0
configure:6768: result: yes
configure:6768: checking for strings.h
configure:6768: gcc -c -g -O2  conftest.c >&5
configure:6768: $? = 0
configure:6768: result: yes
configure:6768: checking for inttypes.h
configure:6768: gcc -c -g -O2  conftest.c >&5
configure:6768: $? = 0
configure:6768: result: yes
configure:6768: checking for stdint.h
configure:6768: gcc -c -g -O2  conftest.c >&5
configure:6768: $? = 0
configure:6768: result: yes
configure:6768: checking for unistd.h
configure:6768: gcc -c -g -O2  conftest.c >&5
configure:6768: $? = 0
configure:6768: result: yes
configure:6782: checking for dlfcn.h
configure:6782: gcc -c -g -O2  conftest.c >&5
configure:6782: $? = 0
configure:6782: result: yes
configure:7038: checking for objdir
configure:7053: result: .libs
configure:7317: checking if gcc supports -fno-rtti -fno-exceptions
configure:7335: gcc -c -g -O2  -fno-rtti -fno-exceptions conftest.c >&5
cc1: warning: command line option '-fno-rtti' is valid for C++/D/ObjC++ but not for C
configure:7339: $? = 0
configure:7352: result: no
configure:7716: checking for gcc option to produce PIC
configure:7723: result: -fPIC -DPIC
configure:7731: checking if gcc PIC flag -fPIC -DPIC works
configure:7749: gcc -c -g -O2  -fPIC -DPIC -DPIC conftest.c >&5
configure:7753: $? = 0
configure:7766: result: yes
configure:7795: checking if gcc static flag -static works
configure:7823: result: yes
configure:7838: checking if gcc supports -c -o file.o
configure:7859: gcc -c -g -O2  -o out/conftest2.o conftest.c >&5
configure:7863: $? = 0
configure:7885: result: yes
configure:7893: checking if gcc supports -c -o file.o
configure:7940: result: yes
configure:7973: checking whether the gcc linker (/usr/bin/ld -m elf_x86_64) supports shared libraries
configure:9236: result: yes
configure:9273: checking whether -lc should be explicitly linked in
configure:9281: gcc -c -g -O2  conftest.c >&5
configure:9284: $? = 0
configure:9299: gcc -shared  -fPIC -DPIC conftest.o  -v -Wl,-soname -Wl,conftest -o conftest 2\>\&1 \| /usr/bin/grep  -lc  \>/dev/null 2\>\&1
configure:9302: $? = 0
configure:9316: result: no
configure:9476: checking dynamic linker characteristics
configure:10057: gcc -o conftest -g -O2   -Wl,-rpath -Wl,/foo conftest.c  >&5
configure:10057: $? = 0
configure:10306: result: GNU/Linux ld.so
configure:10428: checking how to hardcode library paths into programs
configure:10453: result: immediate
configure:11001: checking whether stripping libraries is possible
configure:11006: result: yes
configure:11041: checking if libtool supports shared libraries
configure:11043: result: yes
configure:11046: checking whether to build shared libraries
configure:11071: result: yes
configure:11074: checking whether to build static libraries
configure:11078: result: yes
configure:7908: checking for a BSD-compatible install
configure:7976: result: /usr/bin/install -c
configure:7987: checking whether build environment is sane
configure:8042: result: yes
configure:8188: checking for a thread-safe mkdir -p
configure:8227: result: /usr/bin/mkdir -p
configure:8230: checking whether make sets $(MAKE)
configure:8252: result: yes
configure:8274: checking whether make supports the include directive
configure:8289: make -f confmf.GNU && cat confinc.out
this is the am__doit target
configure:8292: $? = 0
configure:8311: result: yes (GNU style)
configure:8344: checking whether make supports nested variables
configure:8361: result: yes
configure:8446: checking dependency style of gcc
configure:8557: result: gcc3
configure:8624: checking for gcc option to accept ISO C99
configure:8773: gcc  -c -g -O2  conftest.c >&5
configure:8773: $? = 0
configure:8786: result: none needed
configure:8806: checking whether to output debug information about parse errors
configure:8815: result: no
configure:8937: checking that generated files are newer than configure
configure:8943: result: done
configure:8966: creating ./config.status

## ---------------------- ##
## Running config.status. ##
## ---------------------- ##

This file was extended by libparsebgp config.status 1.0.0, which was
generated by GNU Autoconf 2.69.  Invocation command line was

  CONFIG_FILES    = 
  CONFIG_HEADERS  = 
  CONFIG_LINKS    = 
  CONFIG_COMMANDS = 
  $ ./config.status 

on ipswen-testbed-node-001

config.status:1092: creating Makefile
config.status:1092: creating lib/Makefile
config.status:1092: creating lib/parsebgp.h
config.status:1092: creating lib/bgp/Makefile
config.status:1092: creating lib/bmp/Makefile
config.status:1092: creating lib/mrt/Makefile
config.status:1092: creating tools/Makefile
config.status:1092: creating config.h
config.status:1321: executing libtool commands
config.status:1321: executing depfiles commands
config.status:1940: cd lib       && sed -e '/# am--include-marker/d' Makefile         | make -f - am--depfiles
config.status:1945: $? = 0
config.status:1940: cd lib/bgp       && sed -e '/# am--include-marker/d' Makefile         | make -f - am--depfiles
config.status:1945: $? = 0
config.status:1940: cd lib/bmp       && sed -e '/# am--include-marker/d' Makefile         | make -f - am--depfiles
config.status:1945: $? = 0
config.status:1940: cd lib/mrt       && sed -e '/# am--include-marker/d' Makefile         | make -f - am--depfiles
config.status:1945: $? = 0
config.status:1940: cd tools       && sed -e '/# am--include-marker/d' Makefile         | make -f - am--depfiles
config.status:1945: $? = 0

## ---------------- ##
## Cache variables. ##
## ---------------- ##

ac_cv_build=x86_64-pc-linux-gnu
ac_cv_c_compiler_gnu=yes
ac_cv_env_CC_set=
ac_cv_env_CC_value=
ac_cv_env_CFLAGS_set=
ac_cv_env_CFLAGS_value=
ac_cv_env_CPPFLAGS_set=
ac_cv_env_CPPFLAGS_value=
ac_cv_env_CPP_set=
ac_cv_env_CPP_value=
ac_cv_env_LDFLAGS_set=
ac_cv_env_LDFLAGS_value=
ac_cv_env_LIBS_set=
ac_cv_env_LIBS_value=
ac_cv_env_LT_SYS_LIBRARY_PATH_set=
ac_cv_env_LT_SYS_LIBRARY_PATH_value=
ac_cv_env_build_alias_set=
ac_cv_env_build_alias_value=
ac_cv_env_host_alias_set=
ac_cv_env_host_alias_value=
ac_cv_env_target_alias_set=
ac_cv_env_target_alias_value=
ac_cv_header_dlfcn_h=yes
ac_cv_header_inttypes_h=yes
ac_cv_header_memory_h=yes
ac_cv_header_stdc=yes
ac_cv_header_stdint_h=yes
ac_cv_header_stdlib_h=yes
ac_cv_header_string_h=yes
ac_cv_header_strings_h=yes
ac_cv_header_sys_stat_h=yes
ac_cv_header_sys_types_h=yes
ac_cv_header_unistd_h=yes
ac_cv_host=x86_64-pc-linux-gnu
ac_cv_objext=o
ac_cv_path_EGREP='/usr/bin/grep -E'
ac_cv_path_FGREP='/usr/bin/grep -F'
ac_cv_path_GREP=/usr/bin/grep
ac_cv_path_SED=/usr/bin/sed
ac_cv_path_install='/usr/bin/install -c'
ac_cv_path_lt_DD=/usr/bin/dd
ac_cv_path_mkdir=/usr/bin/mkdir
ac_cv_prog_AWK=gawk
ac_cv_prog_CPP='gcc -E'
ac_cv_prog_ac_ct_AR=ar
ac_cv_prog_ac_ct_CC=gcc
ac_cv_prog_ac_ct_MANIFEST_TOOL=mt
ac_cv_prog_ac_ct_OBJDUMP=objdump
ac_cv_prog_ac_ct_RANLIB=ranlib
ac_cv_prog_ac_ct_STRIP=strip
ac_cv_prog_cc_c89=
ac_cv_prog_cc_c99=
ac_cv_prog_cc_g=yes
ac_cv_prog_make_make_set=yes
am_cv_CC_dependencies_compiler_type=gcc3
am_cv_make_support_nested_variables=yes
am_cv_prog_cc_c_o=yes
lt_cv_ar_at_file=@
lt_cv_archive_cmds_need_lc=no
lt_cv_deplibs_check_method=pass_all
lt_cv_file_magic_cmd='$MAGIC_CMD'
lt_cv_file_magic_test_file=
lt_cv_ld_reload_flag=-r
lt_cv_nm_interface='BSD nm'
lt_cv_objdir=.libs
lt_cv_path_LD=/usr/bin/ld
lt_cv_path_NM='/usr/bin/nm -B'
lt_cv_path_mainfest_tool=no
lt_cv_prog_compiler_c_o=yes
lt_cv_prog_compiler_pic='-fPIC -DPIC'
lt_cv_prog_compiler_pic_works=yes
lt_cv_prog_compiler_rtti_exceptions=no
lt_cv_prog_compiler_static_works=yes
lt_cv_prog_gnu_ld=yes
lt_cv_sharedlib_from_linklib_cmd='printf %s\n'
lt_cv_shlibpath_overrides_runpath=yes
lt_cv_sys_global_symbol_pipe='sed -n -e '\''s/^.*[	 ]\([ABCDGIRSTW][ABCDGIRSTW]*\)[	 ][	 ]*\([_A-Za-z][_A-Za-z0-9]*\)$/\1 \2 \2/p'\'' | sed '\''/ __gnu_lto/d'\'''
lt_cv_sys_global_symbol_to_c_name_address='sed -n -e '\''s/^: \(.*\) .*$/  {"\1", (void *) 0},/p'\'' -e '\''s/^[ABCDGIRSTW][ABCDGIRSTW]* .* \(.*\)$/  {"\1", (void *) \&\1},/p'\'''
lt_cv_sys_global_symbol_to_c_name_address_lib_prefix='sed -n -e '\''s/^: \(.*\) .*$/  {"\1", (void *) 0},/p'\'' -e '\''s/^[ABCDGIRSTW][ABCDGIRSTW]* .* \(lib.*\)$/  {"\1", (void *) \&\1},/p'\'' -e '\''s/^[ABCDGIRSTW][ABCDGIRSTW]* .* \(.*\)$/  {"lib\1", (void *) \&\1},/p'\'''
lt_cv_sys_global_symbol_to_cdecl='sed -n -e '\''s/^T .* \(.*\)$/extern int \1();/p'\'' -e '\''s/^[ABCDGIRSTW][ABCDGIRSTW]* .* \(.*\)$/extern char \1;/p'\'''
lt_cv_sys_global_symbol_to_import=
lt_cv_sys_max_cmd_len=1572864
lt_cv_to_host_file_cmd=func_convert_file_noop
lt_cv_to_tool_file_cmd=func_convert_file_noop
lt_cv_truncate_bin='/usr/bin/dd bs=4096 count=1'

## ----------------- ##
## Output variables. ##
## ----------------- ##

ACLOCAL='${SHELL} /home/ubuntu/src/libbgpstream-2.2.0/lib/formats/libparsebgp/missing aclocal-1.16'
AMDEPBACKSLASH='\'
AMDEP_FALSE='#'
AMDEP_TRUE=''
AMTAR='$${TAR-tar}'
AM_BACKSLASH='\'
AM_DEFAULT_V='$(AM_DEFAULT_VERBOSITY)'
AM_DEFAULT_VERBOSITY='1'
AM_V='$(V)'
AR='ar'
AUTOCONF='${SHELL} /home/ubuntu/src/libbgpstream-2.2.0/lib/formats/libparsebgp/missing autoconf'
AUTOHEADER='${SHELL} /home/ubuntu/src/libbgpstream-2.2.0/lib/formats/libparsebgp/missing autoheader'
AUTOMAKE='${SHELL} /home/ubuntu/src/libbgpstream-2.2.0/lib/formats/libparsebgp/missing automake-1.16'
AWK='gawk'
CC='gcc'
CCDEPMODE='depmode=gcc3'
CFLAGS='-g -O2'
CPP='gcc -E'
CPPFLAGS=''
CYGPATH_W='echo'
DEFS='-DHAVE_CONFIG_H'
DEPDIR='.deps'
DLLTOOL='false'
DSYMUTIL=''
DUMPBIN=''
ECHO_C=''
ECHO_N='-n'
ECHO_T=''
EGREP='/usr/bin/grep -E'
EXEEXT=''
FGREP='/usr/bin/grep -F'
GREP='/usr/bin/grep'
INSTALL_DATA='${INSTALL} -m 644'
INSTALL_PROGRAM='${INSTALL}'
INSTALL_SCRIPT='${INSTALL}'
INSTALL_STRIP_PROGRAM='$(install_sh) -c -s'
LD='/usr/bin/ld -m elf_x86_64'
LDFLAGS=''
LIBOBJS=''
LIBPARSEBGP_MAJOR_VERSION='1'
LIBPARSEBGP_MID_VERSION='0'
LIBPARSEBGP_MINOR_VERSION='0'
LIBPARSEBGP_SHLIB_AGE='0'
LIBPARSEBGP_SHLIB_CURRENT='2'
LIBPARSEBGP_SHLIB_REVISION='0'
LIBS=''
LIBTOOL='$(SHELL) $(top_builddir)/libtool'
LIPO=''
LN_S='ln -s'
LTLIBOBJS=''
LT_SYS_LIBRARY_PATH=''
MAKEINFO='${SHELL} /home/ubuntu/src/libbgpstream-2.2.0/lib/formats/libparsebgp/missing makeinfo'
MANIFEST_TOOL=':'
MKDIR_P='/usr/bin/mkdir -p'
NM='/usr/bin/nm -B'
NMEDIT=''
OBJDUMP='objdump'
OBJEXT='o'
OTOOL64=''
OTOOL=''
PACKAGE='libparsebgp'
PACKAGE_BUGREPORT='bgpstream-info@caida.org'
PACKAGE_NAME='libparsebgp'
PACKAGE_STRING='libparsebgp 1.0.0'
PACKAGE_TARNAME='libparsebgp'
PACKAGE_URL=''
PACKAGE_VERSION='1.0.0'
PATH_SEPARATOR=':'
RANLIB='ranlib'
SED='/usr/bin/sed'
SET_MAKE=''
SHELL='/bin/bash'
STRIP='strip'
VERSION='1.0.0'
ac_ct_AR='ar'
ac_ct_CC='gcc'
ac_ct_DUMPBIN=''
am__EXEEXT_FALSE=''
am__EXEEXT_TRUE='#'
am__fastdepCC_FALSE='#'
am__fastdepCC_TRUE=''
am__include='include'
am__isrc=''
am__leading_dot='.'
am__nodep='_no'
am__quote=''
am__tar='$${TAR-tar} chof - "$$tardir"'
am__untar='$${TAR-tar} xf -'
bindir='${exec_prefix}/bin'
build='x86_64-pc-linux-gnu'
build_alias=''
build_cpu='x86_64'
build_os='linux-gnu'
build_vendor='pc'
datadir='${datarootdir}'
datarootdir='${prefix}/share'
docdir='${datarootdir}/doc/${PACKAGE_TARNAME}'
dvidir='${docdir}'
exec_prefix='${prefix}'
host='x86_64-pc-linux-gnu'
host_alias=''
host_cpu='x86_64'
host_os='linux-gnu'
host_vendor='pc'
htmldir='${docdir}'
includedir='${prefix}/include'
infodir='${datarootdir}/info'
install_sh='${SHELL} /home/ubuntu/src/libbgpstream-2.2.0/lib/formats/libparsebgp/install-sh'
libdir='${exec_prefix}/lib'
libexecdir='${exec_prefix}/libexec'
localedir='${datarootdir}/locale'
localstatedir='${prefix}/var'
mandir='${datarootdir}/man'
mkdir_p='$(MKDIR_P)'
oldincludedir='/usr/include'
pdfdir='${docdir}'
prefix='/usr/local'
program_transform_name='s,x,x,'
psdir='${docdir}'
runstatedir='${localstatedir}/run'
sbindir='${exec_prefix}/sbin'
sharedstatedir='${prefix}/com'
sysconfdir='${prefix}/etc'
target_alias=''

## ----------- ##
## confdefs.h. ##
## ----------- ##

/* confdefs.h */
#define PACKAGE_NAME "libparsebgp"
#define PACKAGE_TARNAME "libparsebgp"
#define PACKAGE_VERSION "1.0.0"
#define PACKAGE_STRING "libparsebgp 1.0.0"
#define PACKAGE_BUGREPORT "bgpstream-info@caida.org"
#define PACKAGE_URL ""
#define STDC_HEADERS 1
#define HAVE_SYS_TYPES_H 1
#define HAVE_SYS_STAT_H 1
#define HAVE_STDLIB_H 1
#define HAVE_STRING_H 1
#define HAVE_MEMORY_H 1
#define HAVE_STRINGS_H 1
#define HAVE_INTTYPES_H 1
#define HAVE_STDINT_H 1
#define HAVE_UNISTD_H 1
#define HAVE_DLFCN_H 1
#define LT_OBJDIR ".libs/"
#define PACKAGE "libparsebgp"
#define VERSION "1.0.0"

configure: exit 0
