This file contains any messages produced by compilers while
running configure, to aid debugging if configure makes a mistake.

It was created by libbgpdump configure 1.6.0, which was
generated by GNU Autoconf 2.69.  Invocation command line was

  $ ./configure 

## --------- ##
## Platform. ##
## --------- ##

hostname = ipswen-testbed-node-001
uname -m = x86_64
uname -r = 5.4.0-ipswen-v1-20240124
uname -s = Linux
uname -v = #7 SMP Fri Jan 26 09:30:20 CST 2024

/usr/bin/uname -p = x86_64
/bin/uname -X     = unknown

/bin/arch              = x86_64
/usr/bin/arch -k       = unknown
/usr/convex/getsysinfo = unknown
/usr/bin/hostinfo      = unknown
/bin/machine           = unknown
/usr/bin/oslevel       = unknown
/bin/universe          = unknown

PATH: /home/ubuntu/.local/bin
PATH: /usr/local/sbin
PATH: /usr/local/bin
PATH: /usr/sbin
PATH: /usr/bin
PATH: /sbin
PATH: /bin
PATH: /usr/games
PATH: /usr/local/games
PATH: /snap/bin


## ----------- ##
## Core tests. ##
## ----------- ##

configure:2206: checking for gcc
configure:2222: found /usr/bin/gcc
configure:2233: result: gcc
configure:2462: checking for C compiler version
configure:2471: gcc --version >&5
gcc (Ubuntu 9.3.0-17ubuntu1~20.04) 9.3.0
Copyright (C) 2019 Free Software Foundation, Inc.
This is free software; see the source for copying conditions.  There is NO
warranty; not even for MERCHANTABILITY or FITNESS FOR A PARTICULAR PURPOSE.

configure:2482: $? = 0
configure:2471: gcc -v >&5
Using built-in specs.
COLLECT_GCC=gcc
COLLECT_LTO_WRAPPER=/usr/lib/gcc/x86_64-linux-gnu/9/lto-wrapper
OFFLOAD_TARGET_NAMES=nvptx-none:hsa
OFFLOAD_TARGET_DEFAULT=1
Target: x86_64-linux-gnu
Configured with: ../src/configure -v --with-pkgversion='Ubuntu 9.3.0-17ubuntu1~20.04' --with-bugurl=file:///usr/share/doc/gcc-9/README.Bugs --enable-languages=c,ada,c++,go,brig,d,fortran,objc,obj-c++,gm2 --prefix=/usr --with-gcc-major-version-only --program-suffix=-9 --program-prefix=x86_64-linux-gnu- --enable-shared --enable-linker-build-id --libexecdir=/usr/lib --without-included-gettext --enable-threads=posix --libdir=/usr/lib --enable-nls --enable-clocale=gnu --enable-libstdcxx-debug --enable-libstdcxx-time=yes --with-default-libstdcxx-abi=new --enable-gnu-unique-object --disable-vtable-verify --enable-plugin --enable-default-pie --with-system-zlib --with-target-system-zlib=auto --enable-objc-gc=auto --enable-multiarch --disable-werror --with-arch-32=i686 --with-abi=m64 --with-multilib-list=m32,m64,mx32 --enable-multilib --with-tune=generic --enable-offload-targets=nvptx-none=/build/gcc-9-HskZEa/gcc-9-9.3.0/debian/tmp-nvptx/usr,hsa --without-cuda-driver --enable-checking=release --build=x86_64-linux-gnu --host=x86_64-linux-gnu --target=x86_64-linux-gnu
Thread model: posix
gcc version 9.3.0 (Ubuntu 9.3.0-17ubuntu1~20.04) 
configure:2482: $? = 0
configure:2471: gcc -V >&5
gcc: error: unrecognized command line option '-V'
gcc: fatal error: no input files
compilation terminated.
configure:2482: $? = 1
configure:2471: gcc -qversion >&5
gcc: error: unrecognized command line option '-qversion'; did you mean '--version'?
gcc: fatal error: no input files
compilation terminated.
configure:2482: $? = 1
configure:2502: checking whether the C compiler works
configure:2524: gcc -g  -Wall -Wsystem-headers -Wno-format-y2k -Wno-sign-compare -Wcast-align -Wmissing-prototypes -Wpointer-arith -Wreturn-type -Wswitch -Wshadow   conftest.c  >&5
configure:2528: $? = 0
configure:2576: result: yes
configure:2579: checking for C compiler default output file name
configure:2581: result: a.out
configure:2587: checking for suffix of executables
configure:2594: gcc -o conftest -g  -Wall -Wsystem-headers -Wno-format-y2k -Wno-sign-compare -Wcast-align -Wmissing-prototypes -Wpointer-arith -Wreturn-type -Wswitch -Wshadow   conftest.c  >&5
configure:2598: $? = 0
configure:2620: result: 
configure:2642: checking whether we are cross compiling
configure:2650: gcc -o conftest -g  -Wall -Wsystem-headers -Wno-format-y2k -Wno-sign-compare -Wcast-align -Wmissing-prototypes -Wpointer-arith -Wreturn-type -Wswitch -Wshadow   conftest.c  >&5
configure:2654: $? = 0
configure:2661: ./conftest
configure:2665: $? = 0
configure:2653: result: no
configure:2658: checking for suffix of object files
configure:2680: gcc -c -g  -Wall -Wsystem-headers -Wno-format-y2k -Wno-sign-compare -Wcast-align -Wmissing-prototypes -Wpointer-arith -Wreturn-type -Wswitch -Wshadow  conftest.c >&5
configure:2684: $? = 0
configure:2705: result: o
configure:2709: checking whether we are using the GNU C compiler
configure:2728: gcc -c -g  -Wall -Wsystem-headers -Wno-format-y2k -Wno-sign-compare -Wcast-align -Wmissing-prototypes -Wpointer-arith -Wreturn-type -Wswitch -Wshadow  conftest.c >&5
configure:2728: $? = 0
configure:2737: result: yes
configure:2746: checking whether gcc accepts -g
configure:2766: gcc -c -g  conftest.c >&5
configure:2766: $? = 0
configure:2807: result: yes
configure:2824: checking for gcc option to accept ISO C89
configure:2887: gcc  -c -g  -Wall -Wsystem-headers -Wno-format-y2k -Wno-sign-compare -Wcast-align -Wmissing-prototypes -Wpointer-arith -Wreturn-type -Wswitch -Wshadow  conftest.c >&5
configure:2887: $? = 0
configure:2900: result: none needed
configure:2963: checking for ranlib
configure:2979: found /usr/bin/ranlib
configure:2990: result: ranlib
configure:3020: checking how to run the C preprocessor
configure:3051: gcc -E  conftest.c
configure:3051: $? = 0
configure:3065: gcc -E  conftest.c
conftest.c:9:10: fatal error: ac_nonexistent.h: No such file or directory
    9 | #include <ac_nonexistent.h>
      |          ^~~~~~~~~~~~~~~~~~
compilation terminated.
configure:3065: $? = 1
configure: failed program was:
| /* confdefs.h */
| #define PACKAGE_NAME "libbgpdump"
| #define PACKAGE_TARNAME "libbgpdump"
| #define PACKAGE_VERSION "1.6.0"
| #define PACKAGE_STRING "libbgpdump 1.6.0"
| #define PACKAGE_BUGREPORT "ris@ripe.net"
| #define PACKAGE_URL ""
| /* end confdefs.h.  */
| #include <ac_nonexistent.h>
configure:3090: result: gcc -E
configure:3110: gcc -E  conftest.c
configure:3110: $? = 0
configure:3124: gcc -E  conftest.c
conftest.c:9:10: fatal error: ac_nonexistent.h: No such file or directory
    9 | #include <ac_nonexistent.h>
      |          ^~~~~~~~~~~~~~~~~~
compilation terminated.
configure:3124: $? = 1
configure: failed program was:
| /* confdefs.h */
| #define PACKAGE_NAME "libbgpdump"
| #define PACKAGE_TARNAME "libbgpdump"
| #define PACKAGE_VERSION "1.6.0"
| #define PACKAGE_STRING "libbgpdump 1.6.0"
| #define PACKAGE_BUGREPORT "ris@ripe.net"
| #define PACKAGE_URL ""
| /* end confdefs.h.  */
| #include <ac_nonexistent.h>
configure:3153: checking for grep that handles long lines and -e
configure:3211: result: /usr/bin/grep
configure:3216: checking for egrep
configure:3278: result: /usr/bin/grep -E
configure:3283: checking for ANSI C header files
configure:3303: gcc -c -g  -Wall -Wsystem-headers -Wno-format-y2k -Wno-sign-compare -Wcast-align -Wmissing-prototypes -Wpointer-arith -Wreturn-type -Wswitch -Wshadow  conftest.c >&5
configure:3303: $? = 0
configure:3376: gcc -o conftest -g  -Wall -Wsystem-headers -Wno-format-y2k -Wno-sign-compare -Wcast-align -Wmissing-prototypes -Wpointer-arith -Wreturn-type -Wswitch -Wshadow   conftest.c  >&5
configure:3376: $? = 0
configure:3376: ./conftest
configure:3376: $? = 0
configure:3387: result: yes
configure:3400: checking for sys/types.h
configure:3400: gcc -c -g  -Wall -Wsystem-headers -Wno-format-y2k -Wno-sign-compare -Wcast-align -Wmissing-prototypes -Wpointer-arith -Wreturn-type -Wswitch -Wshadow  conftest.c >&5
configure:3400: $? = 0
configure:3400: result: yes
configure:3400: checking for sys/stat.h
configure:3400: gcc -c -g  -Wall -Wsystem-headers -Wno-format-y2k -Wno-sign-compare -Wcast-align -Wmissing-prototypes -Wpointer-arith -Wreturn-type -Wswitch -Wshadow  conftest.c >&5
configure:3400: $? = 0
configure:3400: result: yes
configure:3400: checking for stdlib.h
configure:3400: gcc -c -g  -Wall -Wsystem-headers -Wno-format-y2k -Wno-sign-compare -Wcast-align -Wmissing-prototypes -Wpointer-arith -Wreturn-type -Wswitch -Wshadow  conftest.c >&5
configure:3400: $? = 0
configure:3400: result: yes
configure:3400: checking for string.h
configure:3400: gcc -c -g  -Wall -Wsystem-headers -Wno-format-y2k -Wno-sign-compare -Wcast-align -Wmissing-prototypes -Wpointer-arith -Wreturn-type -Wswitch -Wshadow  conftest.c >&5
configure:3400: $? = 0
configure:3400: result: yes
configure:3400: checking for memory.h
configure:3400: gcc -c -g  -Wall -Wsystem-headers -Wno-format-y2k -Wno-sign-compare -Wcast-align -Wmissing-prototypes -Wpointer-arith -Wreturn-type -Wswitch -Wshadow  conftest.c >&5
configure:3400: $? = 0
configure:3400: result: yes
configure:3400: checking for strings.h
configure:3400: gcc -c -g  -Wall -Wsystem-headers -Wno-format-y2k -Wno-sign-compare -Wcast-align -Wmissing-prototypes -Wpointer-arith -Wreturn-type -Wswitch -Wshadow  conftest.c >&5
configure:3400: $? = 0
configure:3400: result: yes
configure:3400: checking for inttypes.h
configure:3400: gcc -c -g  -Wall -Wsystem-headers -Wno-format-y2k -Wno-sign-compare -Wcast-align -Wmissing-prototypes -Wpointer-arith -Wreturn-type -Wswitch -Wshadow  conftest.c >&5
configure:3400: $? = 0
configure:3400: result: yes
configure:3400: checking for stdint.h
configure:3400: gcc -c -g  -Wall -Wsystem-headers -Wno-format-y2k -Wno-sign-compare -Wcast-align -Wmissing-prototypes -Wpointer-arith -Wreturn-type -Wswitch -Wshadow  conftest.c >&5
configure:3400: $? = 0
configure:3400: result: yes
configure:3400: checking for unistd.h
configure:3400: gcc -c -g  -Wall -Wsystem-headers -Wno-format-y2k -Wno-sign-compare -Wcast-align -Wmissing-prototypes -Wpointer-arith -Wreturn-type -Wswitch -Wshadow  conftest.c >&5
configure:3400: $? = 0
configure:3400: result: yes
configure:3415: checking arpa/inet.h usability
configure:3415: gcc -c -g  -Wall -Wsystem-headers -Wno-format-y2k -Wno-sign-compare -Wcast-align -Wmissing-prototypes -Wpointer-arith -Wreturn-type -Wswitch -Wshadow  conftest.c >&5
configure:3415: $? = 0
configure:3415: result: yes
configure:3415: checking arpa/inet.h presence
configure:3415: gcc -E  conftest.c
configure:3415: $? = 0
configure:3415: result: yes
configure:3415: checking for arpa/inet.h
configure:3415: result: yes
configure:3415: checking netinet/in.h usability
configure:3415: gcc -c -g  -Wall -Wsystem-headers -Wno-format-y2k -Wno-sign-compare -Wcast-align -Wmissing-prototypes -Wpointer-arith -Wreturn-type -Wswitch -Wshadow  conftest.c >&5
configure:3415: $? = 0
configure:3415: result: yes
configure:3415: checking netinet/in.h presence
configure:3415: gcc -E  conftest.c
configure:3415: $? = 0
configure:3415: result: yes
configure:3415: checking for netinet/in.h
configure:3415: result: yes
configure:3415: checking syslog.h usability
configure:3415: gcc -c -g  -Wall -Wsystem-headers -Wno-format-y2k -Wno-sign-compare -Wcast-align -Wmissing-prototypes -Wpointer-arith -Wreturn-type -Wswitch -Wshadow  conftest.c >&5
configure:3415: $? = 0
configure:3415: result: yes
configure:3415: checking syslog.h presence
configure:3415: gcc -E  conftest.c
configure:3415: $? = 0
configure:3415: result: yes
configure:3415: checking for syslog.h
configure:3415: result: yes
configure:3425: checking whether struct tm is in sys/time.h or time.h
configure:3445: gcc -c -g  -Wall -Wsystem-headers -Wno-format-y2k -Wno-sign-compare -Wcast-align -Wmissing-prototypes -Wpointer-arith -Wreturn-type -Wswitch -Wshadow  conftest.c >&5
configure:3445: $? = 0
configure:3452: result: time.h
configure:3462: checking for u_char_t
configure:3462: gcc -c -g  -Wall -Wsystem-headers -Wno-format-y2k -Wno-sign-compare -Wcast-align -Wmissing-prototypes -Wpointer-arith -Wreturn-type -Wswitch -Wshadow  conftest.c >&5
conftest.c: In function 'main':
conftest.c:58:13: error: 'u_char_t' undeclared (first use in this function); did you mean 'wchar_t'?
   58 | if (sizeof (u_char_t))
      |             ^~~~~~~~
      |             wchar_t
conftest.c:58:13: note: each undeclared identifier is reported only once for each function it appears in
configure:3462: $? = 1
configure: failed program was:
| /* confdefs.h */
| #define PACKAGE_NAME "libbgpdump"
| #define PACKAGE_TARNAME "libbgpdump"
| #define PACKAGE_VERSION "1.6.0"
| #define PACKAGE_STRING "libbgpdump 1.6.0"
| #define PACKAGE_BUGREPORT "ris@ripe.net"
| #define PACKAGE_URL ""
| #define STDC_HEADERS 1
| #define HAVE_SYS_TYPES_H 1
| #define HAVE_SYS_STAT_H 1
| #define HAVE_STDLIB_H 1
| #define HAVE_STRING_H 1
| #define HAVE_MEMORY_H 1
| #define HAVE_STRINGS_H 1
| #define HAVE_INTTYPES_H 1
| #define HAVE_STDINT_H 1
| #define HAVE_UNISTD_H 1
| #define HAVE_ARPA_INET_H 1
| #define HAVE_NETINET_IN_H 1
| #define HAVE_SYSLOG_H 1
| /* end confdefs.h.  */
| #include <stdio.h>
| #ifdef HAVE_SYS_TYPES_H
| # include <sys/types.h>
| #endif
| #ifdef HAVE_SYS_STAT_H
| # include <sys/stat.h>
| #endif
| #ifdef STDC_HEADERS
| # include <stdlib.h>
| # include <stddef.h>
| #else
| # ifdef HAVE_STDLIB_H
| #  include <stdlib.h>
| # endif
| #endif
| #ifdef HAVE_STRING_H
| # if !defined STDC_HEADERS && defined HAVE_MEMORY_H
| #  include <memory.h>
| # endif
| # include <string.h>
| #endif
| #ifdef HAVE_STRINGS_H
| # include <strings.h>
| #endif
| #ifdef HAVE_INTTYPES_H
| # include <inttypes.h>
| #endif
| #ifdef HAVE_STDINT_H
| # include <stdint.h>
| #endif
| #ifdef HAVE_UNISTD_H
| # include <unistd.h>
| #endif
| int
| main ()
| {
| if (sizeof (u_char_t))
| 	 return 0;
|   ;
|   return 0;
| }
configure:3462: result: no
configure:3471: checking for u_int8_t
configure:3471: gcc -c -g  -Wall -Wsystem-headers -Wno-format-y2k -Wno-sign-compare -Wcast-align -Wmissing-prototypes -Wpointer-arith -Wreturn-type -Wswitch -Wshadow  conftest.c >&5
configure:3471: $? = 0
configure:3471: gcc -c -g  -Wall -Wsystem-headers -Wno-format-y2k -Wno-sign-compare -Wcast-align -Wmissing-prototypes -Wpointer-arith -Wreturn-type -Wswitch -Wshadow  conftest.c >&5
conftest.c: In function 'main':
conftest.c:59:23: error: expected expression before ')' token
   59 | if (sizeof ((u_int8_t)))
      |                       ^
configure:3471: $? = 1
configure: failed program was:
| /* confdefs.h */
| #define PACKAGE_NAME "libbgpdump"
| #define PACKAGE_TARNAME "libbgpdump"
| #define PACKAGE_VERSION "1.6.0"
| #define PACKAGE_STRING "libbgpdump 1.6.0"
| #define PACKAGE_BUGREPORT "ris@ripe.net"
| #define PACKAGE_URL ""
| #define STDC_HEADERS 1
| #define HAVE_SYS_TYPES_H 1
| #define HAVE_SYS_STAT_H 1
| #define HAVE_STDLIB_H 1
| #define HAVE_STRING_H 1
| #define HAVE_MEMORY_H 1
| #define HAVE_STRINGS_H 1
| #define HAVE_INTTYPES_H 1
| #define HAVE_STDINT_H 1
| #define HAVE_UNISTD_H 1
| #define HAVE_ARPA_INET_H 1
| #define HAVE_NETINET_IN_H 1
| #define HAVE_SYSLOG_H 1
| #define u_char_t uchar_t
| /* end confdefs.h.  */
| #include <stdio.h>
| #ifdef HAVE_SYS_TYPES_H
| # include <sys/types.h>
| #endif
| #ifdef HAVE_SYS_STAT_H
| # include <sys/stat.h>
| #endif
| #ifdef STDC_HEADERS
| # include <stdlib.h>
| # include <stddef.h>
| #else
| # ifdef HAVE_STDLIB_H
| #  include <stdlib.h>
| # endif
| #endif
| #ifdef HAVE_STRING_H
| # if !defined STDC_HEADERS && defined HAVE_MEMORY_H
| #  include <memory.h>
| # endif
| # include <string.h>
| #endif
| #ifdef HAVE_STRINGS_H
| # include <strings.h>
| #endif
| #ifdef HAVE_INTTYPES_H
| # include <inttypes.h>
| #endif
| #ifdef HAVE_STDINT_H
| # include <stdint.h>
| #endif
| #ifdef HAVE_UNISTD_H
| # include <unistd.h>
| #endif
| int
| main ()
| {
| if (sizeof ((u_int8_t)))
| 	    return 0;
|   ;
|   return 0;
| }
configure:3471: result: yes
configure:3480: checking for u_int16_t
configure:3480: gcc -c -g  -Wall -Wsystem-headers -Wno-format-y2k -Wno-sign-compare -Wcast-align -Wmissing-prototypes -Wpointer-arith -Wreturn-type -Wswitch -Wshadow  conftest.c >&5
configure:3480: $? = 0
configure:3480: gcc -c -g  -Wall -Wsystem-headers -Wno-format-y2k -Wno-sign-compare -Wcast-align -Wmissing-prototypes -Wpointer-arith -Wreturn-type -Wswitch -Wshadow  conftest.c >&5
conftest.c: In function 'main':
conftest.c:59:24: error: expected expression before ')' token
   59 | if (sizeof ((u_int16_t)))
      |                        ^
configure:3480: $? = 1
configure: failed program was:
| /* confdefs.h */
| #define PACKAGE_NAME "libbgpdump"
| #define PACKAGE_TARNAME "libbgpdump"
| #define PACKAGE_VERSION "1.6.0"
| #define PACKAGE_STRING "libbgpdump 1.6.0"
| #define PACKAGE_BUGREPORT "ris@ripe.net"
| #define PACKAGE_URL ""
| #define STDC_HEADERS 1
| #define HAVE_SYS_TYPES_H 1
| #define HAVE_SYS_STAT_H 1
| #define HAVE_STDLIB_H 1
| #define HAVE_STRING_H 1
| #define HAVE_MEMORY_H 1
| #define HAVE_STRINGS_H 1
| #define HAVE_INTTYPES_H 1
| #define HAVE_STDINT_H 1
| #define HAVE_UNISTD_H 1
| #define HAVE_ARPA_INET_H 1
| #define HAVE_NETINET_IN_H 1
| #define HAVE_SYSLOG_H 1
| #define u_char_t uchar_t
| /* end confdefs.h.  */
| #include <stdio.h>
| #ifdef HAVE_SYS_TYPES_H
| # include <sys/types.h>
| #endif
| #ifdef HAVE_SYS_STAT_H
| # include <sys/stat.h>
| #endif
| #ifdef STDC_HEADERS
| # include <stdlib.h>
| # include <stddef.h>
| #else
| # ifdef HAVE_STDLIB_H
| #  include <stdlib.h>
| # endif
| #endif
| #ifdef HAVE_STRING_H
| # if !defined STDC_HEADERS && defined HAVE_MEMORY_H
| #  include <memory.h>
| # endif
| # include <string.h>
| #endif
| #ifdef HAVE_STRINGS_H
| # include <strings.h>
| #endif
| #ifdef HAVE_INTTYPES_H
| # include <inttypes.h>
| #endif
| #ifdef HAVE_STDINT_H
| # include <stdint.h>
| #endif
| #ifdef HAVE_UNISTD_H
| # include <unistd.h>
| #endif
| int
| main ()
| {
| if (sizeof ((u_int16_t)))
| 	    return 0;
|   ;
|   return 0;
| }
configure:3480: result: yes
configure:3489: checking for u_int32_t
configure:3489: gcc -c -g  -Wall -Wsystem-headers -Wno-format-y2k -Wno-sign-compare -Wcast-align -Wmissing-prototypes -Wpointer-arith -Wreturn-type -Wswitch -Wshadow  conftest.c >&5
configure:3489: $? = 0
configure:3489: gcc -c -g  -Wall -Wsystem-headers -Wno-format-y2k -Wno-sign-compare -Wcast-align -Wmissing-prototypes -Wpointer-arith -Wreturn-type -Wswitch -Wshadow  conftest.c >&5
conftest.c: In function 'main':
conftest.c:59:24: error: expected expression before ')' token
   59 | if (sizeof ((u_int32_t)))
      |                        ^
configure:3489: $? = 1
configure: failed program was:
| /* confdefs.h */
| #define PACKAGE_NAME "libbgpdump"
| #define PACKAGE_TARNAME "libbgpdump"
| #define PACKAGE_VERSION "1.6.0"
| #define PACKAGE_STRING "libbgpdump 1.6.0"
| #define PACKAGE_BUGREPORT "ris@ripe.net"
| #define PACKAGE_URL ""
| #define STDC_HEADERS 1
| #define HAVE_SYS_TYPES_H 1
| #define HAVE_SYS_STAT_H 1
| #define HAVE_STDLIB_H 1
| #define HAVE_STRING_H 1
| #define HAVE_MEMORY_H 1
| #define HAVE_STRINGS_H 1
| #define HAVE_INTTYPES_H 1
| #define HAVE_STDINT_H 1
| #define HAVE_UNISTD_H 1
| #define HAVE_ARPA_INET_H 1
| #define HAVE_NETINET_IN_H 1
| #define HAVE_SYSLOG_H 1
| #define u_char_t uchar_t
| /* end confdefs.h.  */
| #include <stdio.h>
| #ifdef HAVE_SYS_TYPES_H
| # include <sys/types.h>
| #endif
| #ifdef HAVE_SYS_STAT_H
| # include <sys/stat.h>
| #endif
| #ifdef STDC_HEADERS
| # include <stdlib.h>
| # include <stddef.h>
| #else
| # ifdef HAVE_STDLIB_H
| #  include <stdlib.h>
| # endif
| #endif
| #ifdef HAVE_STRING_H
| # if !defined STDC_HEADERS && defined HAVE_MEMORY_H
| #  include <memory.h>
| # endif
| # include <string.h>
| #endif
| #ifdef HAVE_STRINGS_H
| # include <strings.h>
| #endif
| #ifdef HAVE_INTTYPES_H
| # include <inttypes.h>
| #endif
| #ifdef HAVE_STDINT_H
| # include <stdint.h>
| #endif
| #ifdef HAVE_UNISTD_H
| # include <unistd.h>
| #endif
| int
| main ()
| {
| if (sizeof ((u_int32_t)))
| 	    return 0;
|   ;
|   return 0;
| }
configure:3489: result: yes
configure:3499: checking for gzopen in -lz
configure:3524: gcc -o conftest -g  -Wall -Wsystem-headers -Wno-format-y2k -Wno-sign-compare -Wcast-align -Wmissing-prototypes -Wpointer-arith -Wreturn-type -Wswitch -Wshadow   conftest.c -lz   >&5
configure:3524: $? = 0
configure:3533: result: yes
configure:3546: checking for BZ2_bzReadOpen in -lbz2
configure:3571: gcc -o conftest -g  -Wall -Wsystem-headers -Wno-format-y2k -Wno-sign-compare -Wcast-align -Wmissing-prototypes -Wpointer-arith -Wreturn-type -Wswitch -Wshadow   conftest.c -lbz2  -lz  >&5
configure:3571: $? = 0
configure:3580: result: yes
configure:3597: checking for inet_ntoa
configure:3597: gcc -o conftest -g  -Wall -Wsystem-headers -Wno-format-y2k -Wno-sign-compare -Wcast-align -Wmissing-prototypes -Wpointer-arith -Wreturn-type -Wswitch -Wshadow   conftest.c -lbz2 -lz  >&5
configure:3597: $? = 0
configure:3597: result: yes
configure:3656: checking for inet_ntop
configure:3656: gcc -o conftest -g  -Wall -Wsystem-headers -Wno-format-y2k -Wno-sign-compare -Wcast-align -Wmissing-prototypes -Wpointer-arith -Wreturn-type -Wswitch -Wshadow   conftest.c -lbz2 -lz  >&5
configure:3656: $? = 0
configure:3656: result: yes
configure:3830: creating ./config.status

## ---------------------- ##
## Running config.status. ##
## ---------------------- ##

This file was extended by libbgpdump config.status 1.6.0, which was
generated by GNU Autoconf 2.69.  Invocation command line was

  CONFIG_FILES    = 
  CONFIG_HEADERS  = 
  CONFIG_LINKS    = 
  CONFIG_COMMANDS = 
  $ ./config.status 

on ipswen-testbed-node-001

config.status:804: creating bgpdump.spec
config.status:804: creating Makefile
config.status:804: creating bgpdump-config.h
config.status:974: bgpdump-config.h is unchanged

## ---------------- ##
## Cache variables. ##
## ---------------- ##

ac_cv_c_compiler_gnu=yes
ac_cv_env_CC_set=
ac_cv_env_CC_value=
ac_cv_env_CFLAGS_set=
ac_cv_env_CFLAGS_value=
ac_cv_env_CPPFLAGS_set=
ac_cv_env_CPPFLAGS_value=
ac_cv_env_CPP_set=
ac_cv_env_CPP_value=
ac_cv_env_LDFLAGS_set=
ac_cv_env_LDFLAGS_value=
ac_cv_env_LIBS_set=
ac_cv_env_LIBS_value=
ac_cv_env_build_alias_set=
ac_cv_env_build_alias_value=
ac_cv_env_host_alias_set=
ac_cv_env_host_alias_value=
ac_cv_env_target_alias_set=
ac_cv_env_target_alias_value=
ac_cv_func_inet_ntoa=yes
ac_cv_func_inet_ntop=yes
ac_cv_header_arpa_inet_h=yes
ac_cv_header_inttypes_h=yes
ac_cv_header_memory_h=yes
ac_cv_header_netinet_in_h=yes
ac_cv_header_stdc=yes
ac_cv_header_stdint_h=yes
ac_cv_header_stdlib_h=yes
ac_cv_header_string_h=yes
ac_cv_header_strings_h=yes
ac_cv_header_sys_stat_h=yes
ac_cv_header_sys_types_h=yes
ac_cv_header_syslog_h=yes
ac_cv_header_unistd_h=yes
ac_cv_lib_bz2_BZ2_bzReadOpen=yes
ac_cv_lib_z_gzopen=yes
ac_cv_objext=o
ac_cv_path_EGREP='/usr/bin/grep -E'
ac_cv_path_GREP=/usr/bin/grep
ac_cv_prog_CPP='gcc -E'
ac_cv_prog_ac_ct_CC=gcc
ac_cv_prog_ac_ct_RANLIB=ranlib
ac_cv_prog_cc_c89=
ac_cv_prog_cc_g=yes
ac_cv_struct_tm=time.h
ac_cv_type_u_char_t=no
ac_cv_type_u_int16_t=yes
ac_cv_type_u_int32_t=yes
ac_cv_type_u_int8_t=yes

## ----------------- ##
## Output variables. ##
## ----------------- ##

CC='gcc'
CFLAGS='-g  -Wall -Wsystem-headers -Wno-format-y2k -Wno-sign-compare -Wcast-align -Wmissing-prototypes -Wpointer-arith -Wreturn-type -Wswitch -Wshadow'
CPP='gcc -E'
CPPFLAGS=''
DEFS='-DHAVE_CONFIG_H'
ECHO_C=''
ECHO_N='-n'
ECHO_T=''
EGREP='/usr/bin/grep -E'
EXEEXT=''
GREP='/usr/bin/grep'
LDFLAGS=' -shared'
LIBOBJS=''
LIBS='-lbz2 -lz '
LTLIBOBJS=''
OBJEXT='o'
PACKAGE_BUGREPORT='ris@ripe.net'
PACKAGE_NAME='libbgpdump'
PACKAGE_STRING='libbgpdump 1.6.0'
PACKAGE_TARNAME='libbgpdump'
PACKAGE_URL=''
PACKAGE_VERSION='1.6.0'
PATH_SEPARATOR=':'
RANLIB='ranlib'
SHELL='/bin/bash'
ac_ct_CC='gcc'
bindir='${exec_prefix}/bin'
build_alias=''
datadir='${datarootdir}'
datarootdir='${prefix}/share'
docdir='${datarootdir}/doc/${PACKAGE_TARNAME}'
dvidir='${docdir}'
exec_prefix='${prefix}'
host_alias=''
htmldir='${docdir}'
includedir='${prefix}/include'
infodir='${datarootdir}/info'
libdir='${exec_prefix}/lib'
libexecdir='${exec_prefix}/libexec'
localedir='${datarootdir}/locale'
localstatedir='${prefix}/var'
mandir='${datarootdir}/man'
oldincludedir='/usr/include'
pdfdir='${docdir}'
prefix='/usr/local'
program_transform_name='s,x,x,'
psdir='${docdir}'
runstatedir='${localstatedir}/run'
sbindir='${exec_prefix}/sbin'
sharedstatedir='${prefix}/com'
sysconfdir='${prefix}/etc'
target_alias=''

## ----------- ##
## confdefs.h. ##
## ----------- ##

/* confdefs.h */
#define PACKAGE_NAME "libbgpdump"
#define PACKAGE_TARNAME "libbgpdump"
#define PACKAGE_VERSION "1.6.0"
#define PACKAGE_STRING "libbgpdump 1.6.0"
#define PACKAGE_BUGREPORT "ris@ripe.net"
#define PACKAGE_URL ""
#define STDC_HEADERS 1
#define HAVE_SYS_TYPES_H 1
#define HAVE_SYS_STAT_H 1
#define HAVE_STDLIB_H 1
#define HAVE_STRING_H 1
#define HAVE_MEMORY_H 1
#define HAVE_STRINGS_H 1
#define HAVE_INTTYPES_H 1
#define HAVE_STDINT_H 1
#define HAVE_UNISTD_H 1
#define HAVE_ARPA_INET_H 1
#define HAVE_NETINET_IN_H 1
#define HAVE_SYSLOG_H 1
#define u_char_t uchar_t
#define HAVE_LIBZ 1
#define HAVE_LIBBZ2 1
#define HAVE_INET_NTOA 1
#define HAVE_INET_NTOP 1

configure: exit 0
